------
2009-02-08T14:17:43 WARNING root Developer mode is enabled: this is a security risk and should NOT be enabled on production servers. Developer mode can be turned off in etc/zope.conf
------
2009-02-08T14:19:05 WARNING root Developer mode is enabled: this is a security risk and should NOT be enabled on production servers. Developer mode can be turned off in etc/zope.conf
------
2009-02-08T14:19:57 WARNING root Developer mode is enabled: this is a security risk and should NOT be enabled on production servers. Developer mode can be turned off in etc/zope.conf
------
2009-02-08T14:21:45 WARNING root Developer mode is enabled: this is a security risk and should NOT be enabled on production servers. Developer mode can be turned off in etc/zope.conf
------
2009-02-08T14:22:28 WARNING root Developer mode is enabled: this is a security risk and should NOT be enabled on production servers. Developer mode can be turned off in etc/zope.conf
------
2009-02-08T14:24:01 INFO paste.httpserver.ThreadPool Shutting down threadpool
------
2009-02-08T14:24:01 INFO paste.httpserver.ThreadPool All workers stopped
------
2009-02-08T14:24:01 INFO paste.httpserver.ThreadPool Shutting down threadpool
------
2009-02-08T14:24:01 INFO paste.httpserver.ThreadPool All workers stopped
------
2009-02-08T14:24:44 WARNING root Developer mode is enabled: this is a security risk and should NOT be enabled on production servers. Developer mode can be turned off in etc/zope.conf
------
2009-02-08T14:24:47 WARNING ZODB.FileStorage Ignoring index for /home/tim/oship-openehr/oship/oship/parts/data/Data.fs
------
2009-02-08T14:26:19 INFO paste.httpserver.ThreadPool Shutting down threadpool
------
2009-02-08T14:26:19 INFO paste.httpserver.ThreadPool All workers stopped
------
2009-02-08T14:26:19 INFO paste.httpserver.ThreadPool Shutting down threadpool
------
2009-02-08T14:26:19 INFO paste.httpserver.ThreadPool All workers stopped
------
2009-02-08T14:27:42 WARNING root Developer mode is enabled: this is a security risk and should NOT be enabled on production servers. Developer mode can be turned off in etc/zope.conf
------
2009-02-08T14:33:35 WARNING root Developer mode is enabled: this is a security risk and should NOT be enabled on production servers. Developer mode can be turned off in etc/zope.conf
------
2009-02-08T14:35:26 INFO paste.httpserver.ThreadPool Shutting down threadpool
------
2009-02-08T14:35:26 INFO paste.httpserver.ThreadPool All workers stopped
------
2009-02-08T14:35:26 INFO paste.httpserver.ThreadPool Shutting down threadpool
------
2009-02-08T14:35:26 INFO paste.httpserver.ThreadPool All workers stopped
------
2009-02-08T14:35:31 WARNING root Developer mode is enabled: this is a security risk and should NOT be enabled on production servers. Developer mode can be turned off in etc/zope.conf
------
2009-02-08T14:38:09 WARNING root Developer mode is enabled: this is a security risk and should NOT be enabled on production servers. Developer mode can be turned off in etc/zope.conf
------
2009-02-08T14:39:54 WARNING root Developer mode is enabled: this is a security risk and should NOT be enabled on production servers. Developer mode can be turned off in etc/zope.conf
------
2009-02-08T14:39:57 WARNING ZODB.FileStorage Ignoring index for /home/tim/oship-openehr/oship/oship/parts/data/Data.fs
------
2009-02-08T14:41:53 INFO paste.httpserver.ThreadPool Shutting down threadpool
------
2009-02-08T14:41:53 INFO paste.httpserver.ThreadPool All workers stopped
------
2009-02-08T14:41:53 INFO paste.httpserver.ThreadPool Shutting down threadpool
------
2009-02-08T14:41:53 INFO paste.httpserver.ThreadPool All workers stopped
------
2009-02-08T14:41:57 WARNING root Developer mode is enabled: this is a security risk and should NOT be enabled on production servers. Developer mode can be turned off in etc/zope.conf
------
2009-02-08T14:45:40 WARNING root Developer mode is enabled: this is a security risk and should NOT be enabled on production servers. Developer mode can be turned off in etc/zope.conf
------
2009-02-08T14:47:09 INFO paste.httpserver.ThreadPool Shutting down threadpool
------
2009-02-08T14:47:09 INFO paste.httpserver.ThreadPool All workers stopped
------
2009-02-08T14:47:09 INFO paste.httpserver.ThreadPool Shutting down threadpool
------
2009-02-08T14:47:09 INFO paste.httpserver.ThreadPool All workers stopped
------
2009-02-08T14:47:49 WARNING root Developer mode is enabled: this is a security risk and should NOT be enabled on production servers. Developer mode can be turned off in etc/zope.conf
------
2009-02-08T14:50:39 INFO paste.httpserver.ThreadPool Shutting down threadpool
------
2009-02-08T14:50:39 INFO paste.httpserver.ThreadPool All workers stopped
------
2009-02-08T14:50:39 INFO paste.httpserver.ThreadPool Shutting down threadpool
------
2009-02-08T14:50:39 INFO paste.httpserver.ThreadPool All workers stopped
------
2009-02-08T14:51:01 WARNING root Developer mode is enabled: this is a security risk and should NOT be enabled on production servers. Developer mode can be turned off in etc/zope.conf
------
2009-02-08T14:55:14 WARNING root Developer mode is enabled: this is a security risk and should NOT be enabled on production servers. Developer mode can be turned off in etc/zope.conf
------
2009-02-08T14:56:14 WARNING root Developer mode is enabled: this is a security risk and should NOT be enabled on production servers. Developer mode can be turned off in etc/zope.conf
------
2009-02-08T14:57:40 WARNING root Developer mode is enabled: this is a security risk and should NOT be enabled on production servers. Developer mode can be turned off in etc/zope.conf
------
2009-02-08T15:08:21 INFO paste.httpserver.ThreadPool Shutting down threadpool
------
2009-02-08T15:08:21 INFO paste.httpserver.ThreadPool All workers stopped
------
2009-02-08T15:08:21 INFO paste.httpserver.ThreadPool Shutting down threadpool
------
2009-02-08T15:08:21 INFO paste.httpserver.ThreadPool All workers stopped
------
2009-02-08T15:08:40 WARNING root Developer mode is enabled: this is a security risk and should NOT be enabled on production servers. Developer mode can be turned off in etc/zope.conf
------
2009-02-08T15:16:44 WARNING root Developer mode is enabled: this is a security risk and should NOT be enabled on production servers. Developer mode can be turned off in etc/zope.conf
------
2009-02-08T15:20:30 WARNING root Developer mode is enabled: this is a security risk and should NOT be enabled on production servers. Developer mode can be turned off in etc/zope.conf
------
2009-02-08T15:21:34 WARNING root Developer mode is enabled: this is a security risk and should NOT be enabled on production servers. Developer mode can be turned off in etc/zope.conf
------
2009-02-08T15:24:00 WARNING root Developer mode is enabled: this is a security risk and should NOT be enabled on production servers. Developer mode can be turned off in etc/zope.conf
------
2009-02-08T15:27:22 ERROR SiteError http://localhost:8080/oship/setup
Traceback (most recent call last):
  File "/home/tim/.buildout/eggs/zope.publisher-3.4.6-py2.5.egg/zope/publisher/publish.py", line 133, in publish
    result = publication.callObject(request, obj)
  File "/home/tim/.buildout/eggs/grok-1.0a1-py2.5.egg/grok/publication.py", line 91, in callObject
    return super(ZopePublicationSansProxy, self).callObject(request, ob)
  File "/home/tim/.buildout/eggs/zope.app.publication-3.4.3-py2.5.egg/zope/app/publication/zopepublication.py", line 167, in callObject
    return mapply(ob, request.getPositionalArguments(), request)
  File "/home/tim/.buildout/eggs/zope.publisher-3.4.6-py2.5.egg/zope/publisher/publish.py", line 108, in mapply
    return debug_call(obj, args)
   - __traceback_info__: <oship.app.Setup object at 0x4488f50>
  File "/home/tim/.buildout/eggs/zope.publisher-3.4.6-py2.5.egg/zope/publisher/publish.py", line 114, in debug_call
    return obj(*args)
  File "/home/tim/.buildout/eggs/grokcore.view-1.2.1-py2.5.egg/grokcore/view/components.py", line 60, in __call__
    return mapply(self.render, (), self.request)
  File "/home/tim/.buildout/eggs/zope.publisher-3.4.6-py2.5.egg/zope/publisher/publish.py", line 108, in mapply
    return debug_call(obj, args)
   - __traceback_info__: <bound method Setup.render of <oship.app.Setup object at 0x4488f50>>
  File "/home/tim/.buildout/eggs/zope.publisher-3.4.6-py2.5.egg/zope/publisher/publish.py", line 114, in debug_call
    return obj(*args)
TypeError: render() takes no arguments (1 given)
------
2009-02-08T15:28:05 ERROR SiteError http://localhost:8080/oship/setup
Traceback (most recent call last):
  File "/home/tim/.buildout/eggs/zope.publisher-3.4.6-py2.5.egg/zope/publisher/publish.py", line 133, in publish
    result = publication.callObject(request, obj)
  File "/home/tim/.buildout/eggs/grok-1.0a1-py2.5.egg/grok/publication.py", line 91, in callObject
    return super(ZopePublicationSansProxy, self).callObject(request, ob)
  File "/home/tim/.buildout/eggs/zope.app.publication-3.4.3-py2.5.egg/zope/app/publication/zopepublication.py", line 167, in callObject
    return mapply(ob, request.getPositionalArguments(), request)
  File "/home/tim/.buildout/eggs/zope.publisher-3.4.6-py2.5.egg/zope/publisher/publish.py", line 108, in mapply
    return debug_call(obj, args)
   - __traceback_info__: <oship.app.Setup object at 0x4493950>
  File "/home/tim/.buildout/eggs/zope.publisher-3.4.6-py2.5.egg/zope/publisher/publish.py", line 114, in debug_call
    return obj(*args)
  File "/home/tim/.buildout/eggs/grokcore.view-1.2.1-py2.5.egg/grokcore/view/components.py", line 60, in __call__
    return mapply(self.render, (), self.request)
  File "/home/tim/.buildout/eggs/zope.publisher-3.4.6-py2.5.egg/zope/publisher/publish.py", line 108, in mapply
    return debug_call(obj, args)
   - __traceback_info__: <bound method Setup.render of <oship.app.Setup object at 0x4493950>>
  File "/home/tim/.buildout/eggs/zope.publisher-3.4.6-py2.5.egg/zope/publisher/publish.py", line 114, in debug_call
    return obj(*args)
TypeError: render() takes no arguments (1 given)
------
2009-02-08T15:30:56 ERROR SiteError http://localhost:8080/oship/setup
Traceback (most recent call last):
  File "/home/tim/.buildout/eggs/zope.publisher-3.4.6-py2.5.egg/zope/publisher/publish.py", line 133, in publish
    result = publication.callObject(request, obj)
  File "/home/tim/.buildout/eggs/grok-1.0a1-py2.5.egg/grok/publication.py", line 91, in callObject
    return super(ZopePublicationSansProxy, self).callObject(request, ob)
  File "/home/tim/.buildout/eggs/zope.app.publication-3.4.3-py2.5.egg/zope/app/publication/zopepublication.py", line 167, in callObject
    return mapply(ob, request.getPositionalArguments(), request)
  File "/home/tim/.buildout/eggs/zope.publisher-3.4.6-py2.5.egg/zope/publisher/publish.py", line 108, in mapply
    return debug_call(obj, args)
   - __traceback_info__: <oship.app.Setup object at 0x4493cd0>
  File "/home/tim/.buildout/eggs/zope.publisher-3.4.6-py2.5.egg/zope/publisher/publish.py", line 114, in debug_call
    return obj(*args)
  File "/home/tim/.buildout/eggs/grokcore.view-1.2.1-py2.5.egg/grokcore/view/components.py", line 60, in __call__
    return mapply(self.render, (), self.request)
  File "/home/tim/.buildout/eggs/zope.publisher-3.4.6-py2.5.egg/zope/publisher/publish.py", line 108, in mapply
    return debug_call(obj, args)
   - __traceback_info__: <bound method Setup.render of <oship.app.Setup object at 0x4493cd0>>
  File "/home/tim/.buildout/eggs/zope.publisher-3.4.6-py2.5.egg/zope/publisher/publish.py", line 114, in debug_call
    return obj(*args)
TypeError: render() takes no arguments (1 given)
------
2009-02-08T15:36:19 INFO paste.httpserver.ThreadPool Shutting down threadpool
------
2009-02-08T15:36:19 INFO paste.httpserver.ThreadPool All workers stopped
------
2009-02-08T15:36:19 INFO paste.httpserver.ThreadPool Shutting down threadpool
------
2009-02-08T15:36:19 INFO paste.httpserver.ThreadPool All workers stopped
------
2009-02-08T15:36:43 WARNING root Developer mode is enabled: this is a security risk and should NOT be enabled on production servers. Developer mode can be turned off in etc/zope.conf
------
2009-02-08T15:37:02 ERROR SiteError http://localhost:8080/add
Traceback (most recent call last):
  File "/home/tim/.buildout/eggs/zope.publisher-3.4.6-py2.5.egg/zope/publisher/publish.py", line 133, in publish
    result = publication.callObject(request, obj)
  File "/home/tim/.buildout/eggs/grok-1.0a1-py2.5.egg/grok/publication.py", line 91, in callObject
    return super(ZopePublicationSansProxy, self).callObject(request, ob)
  File "/home/tim/.buildout/eggs/zope.app.publication-3.4.3-py2.5.egg/zope/app/publication/zopepublication.py", line 167, in callObject
    return mapply(ob, request.getPositionalArguments(), request)
  File "/home/tim/.buildout/eggs/zope.publisher-3.4.6-py2.5.egg/zope/publisher/publish.py", line 108, in mapply
    return debug_call(obj, args)
   - __traceback_info__: <grokui.admin.view.Add object at 0x2903990>
  File "/home/tim/.buildout/eggs/zope.publisher-3.4.6-py2.5.egg/zope/publisher/publish.py", line 114, in debug_call
    return obj(*args)
  File "/home/tim/.buildout/eggs/grokcore.view-1.2.1-py2.5.egg/grokcore/view/components.py", line 60, in __call__
    return mapply(self.render, (), self.request)
  File "/home/tim/.buildout/eggs/zope.publisher-3.4.6-py2.5.egg/zope/publisher/publish.py", line 108, in mapply
    return debug_call(obj, args)
   - __traceback_info__: <bound method Add.render of <grokui.admin.view.Add object at 0x2903990>>
  File "/home/tim/.buildout/eggs/zope.publisher-3.4.6-py2.5.egg/zope/publisher/publish.py", line 114, in debug_call
    return obj(*args)
  File "/home/tim/.buildout/eggs/grokui.admin-0.1.2-py2.5.egg/grokui/admin/view.py", line 83, in render
    self.context[name] = app()
  File "/home/tim/oship-openehr/oship/oship/src/oship/app.py", line 16, in __init__
    self.context['ar'] = grok.Container()
AttributeError: 'oship' object has no attribute 'context'
------
2009-02-08T15:39:27 INFO paste.httpserver.ThreadPool Shutting down threadpool
------
2009-02-08T15:39:27 INFO paste.httpserver.ThreadPool All workers stopped
------
2009-02-08T15:39:27 INFO paste.httpserver.ThreadPool Shutting down threadpool
------
2009-02-08T15:39:27 INFO paste.httpserver.ThreadPool All workers stopped
------
2009-02-08T15:39:39 WARNING root Developer mode is enabled: this is a security risk and should NOT be enabled on production servers. Developer mode can be turned off in etc/zope.conf
------
2009-02-08T15:43:43 WARNING root Developer mode is enabled: this is a security risk and should NOT be enabled on production servers. Developer mode can be turned off in etc/zope.conf
------
2009-02-08T15:47:14 WARNING root Developer mode is enabled: this is a security risk and should NOT be enabled on production servers. Developer mode can be turned off in etc/zope.conf
------
2009-02-08T15:48:00 INFO paste.httpserver.ThreadPool Shutting down threadpool
------
2009-02-08T15:48:00 INFO paste.httpserver.ThreadPool All workers stopped
------
2009-02-08T15:48:00 INFO paste.httpserver.ThreadPool Shutting down threadpool
------
2009-02-08T15:48:00 INFO paste.httpserver.ThreadPool All workers stopped
------
2009-02-08T15:48:52 WARNING root Developer mode is enabled: this is a security risk and should NOT be enabled on production servers. Developer mode can be turned off in etc/zope.conf
------
2009-02-08T15:58:26 INFO paste.httpserver.ThreadPool Shutting down threadpool
------
2009-02-08T15:58:26 INFO paste.httpserver.ThreadPool All workers stopped
------
2009-02-08T15:58:26 INFO paste.httpserver.ThreadPool Shutting down threadpool
------
2009-02-08T15:58:26 INFO paste.httpserver.ThreadPool All workers stopped
------
2009-02-08T15:58:45 WARNING root Developer mode is enabled: this is a security risk and should NOT be enabled on production servers. Developer mode can be turned off in etc/zope.conf
------
2009-02-08T15:58:48 WARNING ZODB.FileStorage Ignoring index for /home/tim/oship-openehr/oship/oship/parts/data/Data.fs
------
2009-02-08T16:03:31 WARNING root Developer mode is enabled: this is a security risk and should NOT be enabled on production servers. Developer mode can be turned off in etc/zope.conf
------
2009-02-08T16:06:51 INFO paste.httpserver.ThreadPool Shutting down threadpool
------
2009-02-08T16:06:51 INFO paste.httpserver.ThreadPool All workers stopped
------
2009-02-08T16:06:51 INFO paste.httpserver.ThreadPool Shutting down threadpool
------
2009-02-08T16:06:51 INFO paste.httpserver.ThreadPool All workers stopped
------
2009-02-08T16:06:55 WARNING root Developer mode is enabled: this is a security risk and should NOT be enabled on production servers. Developer mode can be turned off in etc/zope.conf
------
2009-02-08T16:39:11 WARNING root Developer mode is enabled: this is a security risk and should NOT be enabled on production servers. Developer mode can be turned off in etc/zope.conf
------
2009-02-08T16:40:55 INFO paste.httpserver.ThreadPool Shutting down threadpool
------
2009-02-08T16:40:55 INFO paste.httpserver.ThreadPool All workers stopped
------
2009-02-08T16:40:55 INFO paste.httpserver.ThreadPool Shutting down threadpool
------
2009-02-08T16:40:55 INFO paste.httpserver.ThreadPool All workers stopped
------
2009-02-08T16:41:53 WARNING root Developer mode is enabled: this is a security risk and should NOT be enabled on production servers. Developer mode can be turned off in etc/zope.conf
------
2009-02-08T16:46:28 INFO paste.httpserver.ThreadPool Shutting down threadpool
------
2009-02-08T16:46:28 INFO paste.httpserver.ThreadPool All workers stopped
------
2009-02-08T16:46:28 INFO paste.httpserver.ThreadPool Shutting down threadpool
------
2009-02-08T16:46:28 INFO paste.httpserver.ThreadPool All workers stopped
------
2009-02-08T16:46:35 WARNING root Developer mode is enabled: this is a security risk and should NOT be enabled on production servers. Developer mode can be turned off in etc/zope.conf
------
2009-02-08T16:48:29 INFO paste.httpserver.ThreadPool Shutting down threadpool
------
2009-02-08T16:48:29 INFO paste.httpserver.ThreadPool All workers stopped
------
2009-02-08T16:48:29 INFO paste.httpserver.ThreadPool Shutting down threadpool
------
2009-02-08T16:48:29 INFO paste.httpserver.ThreadPool All workers stopped
------
2009-02-08T16:48:38 WARNING root Developer mode is enabled: this is a security risk and should NOT be enabled on production servers. Developer mode can be turned off in etc/zope.conf
------
2009-02-08T16:49:16 ERROR SiteError http://localhost:8080/add
Traceback (most recent call last):
  File "/home/tim/.buildout/eggs/zope.publisher-3.4.6-py2.5.egg/zope/publisher/publish.py", line 133, in publish
    result = publication.callObject(request, obj)
  File "/home/tim/.buildout/eggs/grok-1.0a1-py2.5.egg/grok/publication.py", line 91, in callObject
    return super(ZopePublicationSansProxy, self).callObject(request, ob)
  File "/home/tim/.buildout/eggs/zope.app.publication-3.4.3-py2.5.egg/zope/app/publication/zopepublication.py", line 167, in callObject
    return mapply(ob, request.getPositionalArguments(), request)
  File "/home/tim/.buildout/eggs/zope.publisher-3.4.6-py2.5.egg/zope/publisher/publish.py", line 108, in mapply
    return debug_call(obj, args)
   - __traceback_info__: <grokui.admin.view.Add object at 0x3f9db10>
  File "/home/tim/.buildout/eggs/zope.publisher-3.4.6-py2.5.egg/zope/publisher/publish.py", line 114, in debug_call
    return obj(*args)
  File "/home/tim/.buildout/eggs/grokcore.view-1.2.1-py2.5.egg/grokcore/view/components.py", line 60, in __call__
    return mapply(self.render, (), self.request)
  File "/home/tim/.buildout/eggs/zope.publisher-3.4.6-py2.5.egg/zope/publisher/publish.py", line 108, in mapply
    return debug_call(obj, args)
   - __traceback_info__: <bound method Add.render of <grokui.admin.view.Add object at 0x3f9db10>>
  File "/home/tim/.buildout/eggs/zope.publisher-3.4.6-py2.5.egg/zope/publisher/publish.py", line 114, in debug_call
    return obj(*args)
  File "/home/tim/.buildout/eggs/grokui.admin-0.1.2-py2.5.egg/grokui/admin/view.py", line 83, in render
    self.context[name] = app()
  File "/home/tim/.buildout/eggs/zope.app.folder-3.4.0-py2.5.egg/zope/app/folder/folder.py", line 94, in __setitem__
    setitem(self, self.data.__setitem__, name, object)
  File "/home/tim/.buildout/eggs/zope.app.container-3.5.6-py2.5-linux-x86_64.egg/zope/app/container/contained.py", line 591, in setitem
    notify(event)
  File "/home/tim/.buildout/eggs/zope.event-3.4.0-py2.5.egg/zope/event/__init__.py", line 23, in notify
    subscriber(event)
  File "/home/tim/.buildout/eggs/zope.component-3.4.0-py2.5.egg/zope/component/event.py", line 26, in dispatch
    for ignored in zope.component.subscribers(event, None):
  File "/home/tim/.buildout/eggs/zope.component-3.4.0-py2.5.egg/zope/component/_api.py", line 130, in subscribers
    return sitemanager.subscribers(objects, interface)
  File "/home/tim/.buildout/eggs/zope.component-3.4.0-py2.5.egg/zope/component/registry.py", line 290, in subscribers
    return self.adapters.subscribers(objects, provided)
  File "/home/tim/.buildout/eggs/zope.interface-3.4.1-py2.5-linux-x86_64.egg/zope/interface/adapter.py", line 535, in subscribers
    subscription(*objects)
  File "/home/tim/.buildout/eggs/zope.component-3.4.0-py2.5.egg/zope/component/event.py", line 33, in objectEventNotify
    adapters = zope.component.subscribers((event.object, event), None)
  File "/home/tim/.buildout/eggs/zope.component-3.4.0-py2.5.egg/zope/component/_api.py", line 130, in subscribers
    return sitemanager.subscribers(objects, interface)
  File "/home/tim/.buildout/eggs/zope.component-3.4.0-py2.5.egg/zope/component/registry.py", line 290, in subscribers
    return self.adapters.subscribers(objects, provided)
  File "/home/tim/.buildout/eggs/zope.interface-3.4.1-py2.5-linux-x86_64.egg/zope/interface/adapter.py", line 535, in subscribers
    subscription(*objects)
  File "/home/tim/.buildout/eggs/zope.app.container-3.5.6-py2.5-linux-x86_64.egg/zope/app/container/contained.py", line 181, in dispatchToSublocations
    for sub in subs.sublocations():
  File "/home/tim/.buildout/eggs/zope.app.folder-3.4.0-py2.5.egg/zope/app/folder/folder.py", line 143, in sublocations
    for key in folder:
  File "/home/tim/.buildout/eggs/zope.app.folder-3.4.0-py2.5.egg/zope/app/folder/folder.py", line 44, in __iter__
    return iter(self.data.keys())
AttributeError: 'makeAr' object has no attribute 'data'
------
2009-02-08T16:49:27 INFO paste.httpserver.ThreadPool Shutting down threadpool
------
2009-02-08T16:49:27 INFO paste.httpserver.ThreadPool All workers stopped
------
2009-02-08T16:49:27 INFO paste.httpserver.ThreadPool Shutting down threadpool
------
2009-02-08T16:49:27 INFO paste.httpserver.ThreadPool All workers stopped
------
2009-02-08T16:49:57 WARNING root Developer mode is enabled: this is a security risk and should NOT be enabled on production servers. Developer mode can be turned off in etc/zope.conf
------
2009-02-08T16:50:17 INFO paste.httpserver.ThreadPool Shutting down threadpool
------
2009-02-08T16:50:17 INFO paste.httpserver.ThreadPool All workers stopped
------
2009-02-08T16:50:17 INFO paste.httpserver.ThreadPool Shutting down threadpool
------
2009-02-08T16:50:17 INFO paste.httpserver.ThreadPool All workers stopped
------
2009-02-08T16:50:38 WARNING root Developer mode is enabled: this is a security risk and should NOT be enabled on production servers. Developer mode can be turned off in etc/zope.conf
------
2009-02-08T16:50:55 ERROR SiteError http://localhost:8080/add
Traceback (most recent call last):
  File "/home/tim/.buildout/eggs/zope.publisher-3.4.6-py2.5.egg/zope/publisher/publish.py", line 133, in publish
    result = publication.callObject(request, obj)
  File "/home/tim/.buildout/eggs/grok-1.0a1-py2.5.egg/grok/publication.py", line 91, in callObject
    return super(ZopePublicationSansProxy, self).callObject(request, ob)
  File "/home/tim/.buildout/eggs/zope.app.publication-3.4.3-py2.5.egg/zope/app/publication/zopepublication.py", line 167, in callObject
    return mapply(ob, request.getPositionalArguments(), request)
  File "/home/tim/.buildout/eggs/zope.publisher-3.4.6-py2.5.egg/zope/publisher/publish.py", line 108, in mapply
    return debug_call(obj, args)
   - __traceback_info__: <grokui.admin.view.Add object at 0x28b9c90>
  File "/home/tim/.buildout/eggs/zope.publisher-3.4.6-py2.5.egg/zope/publisher/publish.py", line 114, in debug_call
    return obj(*args)
  File "/home/tim/.buildout/eggs/grokcore.view-1.2.1-py2.5.egg/grokcore/view/components.py", line 60, in __call__
    return mapply(self.render, (), self.request)
  File "/home/tim/.buildout/eggs/zope.publisher-3.4.6-py2.5.egg/zope/publisher/publish.py", line 108, in mapply
    return debug_call(obj, args)
   - __traceback_info__: <bound method Add.render of <grokui.admin.view.Add object at 0x28b9c90>>
  File "/home/tim/.buildout/eggs/zope.publisher-3.4.6-py2.5.egg/zope/publisher/publish.py", line 114, in debug_call
    return obj(*args)
  File "/home/tim/.buildout/eggs/grokui.admin-0.1.2-py2.5.egg/grokui/admin/view.py", line 83, in render
    self.context[name] = app()
  File "/home/tim/.buildout/eggs/zope.app.folder-3.4.0-py2.5.egg/zope/app/folder/folder.py", line 94, in __setitem__
    setitem(self, self.data.__setitem__, name, object)
  File "/home/tim/.buildout/eggs/zope.app.container-3.5.6-py2.5-linux-x86_64.egg/zope/app/container/contained.py", line 591, in setitem
    notify(event)
  File "/home/tim/.buildout/eggs/zope.event-3.4.0-py2.5.egg/zope/event/__init__.py", line 23, in notify
    subscriber(event)
  File "/home/tim/.buildout/eggs/zope.component-3.4.0-py2.5.egg/zope/component/event.py", line 26, in dispatch
    for ignored in zope.component.subscribers(event, None):
  File "/home/tim/.buildout/eggs/zope.component-3.4.0-py2.5.egg/zope/component/_api.py", line 130, in subscribers
    return sitemanager.subscribers(objects, interface)
  File "/home/tim/.buildout/eggs/zope.component-3.4.0-py2.5.egg/zope/component/registry.py", line 290, in subscribers
    return self.adapters.subscribers(objects, provided)
  File "/home/tim/.buildout/eggs/zope.interface-3.4.1-py2.5-linux-x86_64.egg/zope/interface/adapter.py", line 535, in subscribers
    subscription(*objects)
  File "/home/tim/.buildout/eggs/zope.component-3.4.0-py2.5.egg/zope/component/event.py", line 33, in objectEventNotify
    adapters = zope.component.subscribers((event.object, event), None)
  File "/home/tim/.buildout/eggs/zope.component-3.4.0-py2.5.egg/zope/component/_api.py", line 130, in subscribers
    return sitemanager.subscribers(objects, interface)
  File "/home/tim/.buildout/eggs/zope.component-3.4.0-py2.5.egg/zope/component/registry.py", line 290, in subscribers
    return self.adapters.subscribers(objects, provided)
  File "/home/tim/.buildout/eggs/zope.interface-3.4.1-py2.5-linux-x86_64.egg/zope/interface/adapter.py", line 535, in subscribers
    subscription(*objects)
  File "/home/tim/.buildout/eggs/zope.app.container-3.5.6-py2.5-linux-x86_64.egg/zope/app/container/contained.py", line 181, in dispatchToSublocations
    for sub in subs.sublocations():
  File "/home/tim/.buildout/eggs/zope.app.folder-3.4.0-py2.5.egg/zope/app/folder/folder.py", line 143, in sublocations
    for key in folder:
  File "/home/tim/.buildout/eggs/zope.app.folder-3.4.0-py2.5.egg/zope/app/folder/folder.py", line 44, in __iter__
    return iter(self.data.keys())
AttributeError: 'oship' object has no attribute 'data'
------
2009-02-08T16:51:24 INFO paste.httpserver.ThreadPool Shutting down threadpool
------
2009-02-08T16:51:24 INFO paste.httpserver.ThreadPool All workers stopped
------
2009-02-08T16:51:24 INFO paste.httpserver.ThreadPool Shutting down threadpool
------
2009-02-08T16:51:24 INFO paste.httpserver.ThreadPool All workers stopped
------
2009-02-08T16:51:30 WARNING root Developer mode is enabled: this is a security risk and should NOT be enabled on production servers. Developer mode can be turned off in etc/zope.conf
------
2009-02-08T16:51:49 ERROR SiteError http://localhost:8080/add
Traceback (most recent call last):
  File "/home/tim/.buildout/eggs/zope.publisher-3.4.6-py2.5.egg/zope/publisher/publish.py", line 133, in publish
    result = publication.callObject(request, obj)
  File "/home/tim/.buildout/eggs/grok-1.0a1-py2.5.egg/grok/publication.py", line 91, in callObject
    return super(ZopePublicationSansProxy, self).callObject(request, ob)
  File "/home/tim/.buildout/eggs/zope.app.publication-3.4.3-py2.5.egg/zope/app/publication/zopepublication.py", line 167, in callObject
    return mapply(ob, request.getPositionalArguments(), request)
  File "/home/tim/.buildout/eggs/zope.publisher-3.4.6-py2.5.egg/zope/publisher/publish.py", line 108, in mapply
    return debug_call(obj, args)
   - __traceback_info__: <grokui.admin.view.Add object at 0x2903990>
  File "/home/tim/.buildout/eggs/zope.publisher-3.4.6-py2.5.egg/zope/publisher/publish.py", line 114, in debug_call
    return obj(*args)
  File "/home/tim/.buildout/eggs/grokcore.view-1.2.1-py2.5.egg/grokcore/view/components.py", line 60, in __call__
    return mapply(self.render, (), self.request)
  File "/home/tim/.buildout/eggs/zope.publisher-3.4.6-py2.5.egg/zope/publisher/publish.py", line 108, in mapply
    return debug_call(obj, args)
   - __traceback_info__: <bound method Add.render of <grokui.admin.view.Add object at 0x2903990>>
  File "/home/tim/.buildout/eggs/zope.publisher-3.4.6-py2.5.egg/zope/publisher/publish.py", line 114, in debug_call
    return obj(*args)
  File "/home/tim/.buildout/eggs/grokui.admin-0.1.2-py2.5.egg/grokui/admin/view.py", line 83, in render
    self.context[name] = app()
  File "/home/tim/.buildout/eggs/zope.app.folder-3.4.0-py2.5.egg/zope/app/folder/folder.py", line 94, in __setitem__
    setitem(self, self.data.__setitem__, name, object)
  File "/home/tim/.buildout/eggs/zope.app.container-3.5.6-py2.5-linux-x86_64.egg/zope/app/container/contained.py", line 591, in setitem
    notify(event)
  File "/home/tim/.buildout/eggs/zope.event-3.4.0-py2.5.egg/zope/event/__init__.py", line 23, in notify
    subscriber(event)
  File "/home/tim/.buildout/eggs/zope.component-3.4.0-py2.5.egg/zope/component/event.py", line 26, in dispatch
    for ignored in zope.component.subscribers(event, None):
  File "/home/tim/.buildout/eggs/zope.component-3.4.0-py2.5.egg/zope/component/_api.py", line 130, in subscribers
    return sitemanager.subscribers(objects, interface)
  File "/home/tim/.buildout/eggs/zope.component-3.4.0-py2.5.egg/zope/component/registry.py", line 290, in subscribers
    return self.adapters.subscribers(objects, provided)
  File "/home/tim/.buildout/eggs/zope.interface-3.4.1-py2.5-linux-x86_64.egg/zope/interface/adapter.py", line 535, in subscribers
    subscription(*objects)
  File "/home/tim/.buildout/eggs/zope.component-3.4.0-py2.5.egg/zope/component/event.py", line 33, in objectEventNotify
    adapters = zope.component.subscribers((event.object, event), None)
  File "/home/tim/.buildout/eggs/zope.component-3.4.0-py2.5.egg/zope/component/_api.py", line 130, in subscribers
    return sitemanager.subscribers(objects, interface)
  File "/home/tim/.buildout/eggs/zope.component-3.4.0-py2.5.egg/zope/component/registry.py", line 290, in subscribers
    return self.adapters.subscribers(objects, provided)
  File "/home/tim/.buildout/eggs/zope.interface-3.4.1-py2.5-linux-x86_64.egg/zope/interface/adapter.py", line 535, in subscribers
    subscription(*objects)
  File "/home/tim/.buildout/eggs/zope.app.container-3.5.6-py2.5-linux-x86_64.egg/zope/app/container/contained.py", line 181, in dispatchToSublocations
    for sub in subs.sublocations():
  File "/home/tim/.buildout/eggs/zope.app.folder-3.4.0-py2.5.egg/zope/app/folder/folder.py", line 143, in sublocations
    for key in folder:
  File "/home/tim/.buildout/eggs/zope.app.folder-3.4.0-py2.5.egg/zope/app/folder/folder.py", line 44, in __iter__
    return iter(self.data.keys())
AttributeError: 'oship' object has no attribute 'data'
------
2009-02-08T16:52:37 INFO paste.httpserver.ThreadPool Shutting down threadpool
------
2009-02-08T16:52:37 INFO paste.httpserver.ThreadPool All workers stopped
------
2009-02-08T16:52:37 INFO paste.httpserver.ThreadPool Shutting down threadpool
------
2009-02-08T16:52:37 INFO paste.httpserver.ThreadPool All workers stopped
------
2009-02-08T16:52:44 WARNING root Developer mode is enabled: this is a security risk and should NOT be enabled on production servers. Developer mode can be turned off in etc/zope.conf
------
2009-02-08T16:53:36 INFO paste.httpserver.ThreadPool Shutting down threadpool
------
2009-02-08T16:53:36 INFO paste.httpserver.ThreadPool All workers stopped
------
2009-02-08T16:53:36 INFO paste.httpserver.ThreadPool Shutting down threadpool
------
2009-02-08T16:53:36 INFO paste.httpserver.ThreadPool All workers stopped
------
2009-02-08T16:55:26 WARNING root Developer mode is enabled: this is a security risk and should NOT be enabled on production servers. Developer mode can be turned off in etc/zope.conf
------
2009-02-08T16:58:19 ERROR SiteError http://localhost:8080/oship/setup
Traceback (most recent call last):
  File "/home/tim/.buildout/eggs/zope.publisher-3.4.6-py2.5.egg/zope/publisher/publish.py", line 133, in publish
    result = publication.callObject(request, obj)
  File "/home/tim/.buildout/eggs/grok-1.0a1-py2.5.egg/grok/publication.py", line 91, in callObject
    return super(ZopePublicationSansProxy, self).callObject(request, ob)
  File "/home/tim/.buildout/eggs/zope.app.publication-3.4.3-py2.5.egg/zope/app/publication/zopepublication.py", line 167, in callObject
    return mapply(ob, request.getPositionalArguments(), request)
  File "/home/tim/.buildout/eggs/zope.publisher-3.4.6-py2.5.egg/zope/publisher/publish.py", line 108, in mapply
    return debug_call(obj, args)
   - __traceback_info__: <oship.app.Setup object at 0x4226490>
  File "/home/tim/.buildout/eggs/zope.publisher-3.4.6-py2.5.egg/zope/publisher/publish.py", line 114, in debug_call
    return obj(*args)
  File "/home/tim/.buildout/eggs/grokcore.view-1.2.1-py2.5.egg/grokcore/view/components.py", line 60, in __call__
    return mapply(self.render, (), self.request)
  File "/home/tim/.buildout/eggs/zope.publisher-3.4.6-py2.5.egg/zope/publisher/publish.py", line 108, in mapply
    return debug_call(obj, args)
   - __traceback_info__: <bound method Setup.render of <oship.app.Setup object at 0x4226490>>
  File "/home/tim/.buildout/eggs/zope.publisher-3.4.6-py2.5.egg/zope/publisher/publish.py", line 114, in debug_call
    return obj(*args)
  File "/home/tim/oship-openehr/oship/oship/src/oship/app.py", line 26, in render
    self.context['ar'] = makeAr()
  File "/home/tim/.buildout/eggs/zope.app.folder-3.4.0-py2.5.egg/zope/app/folder/folder.py", line 94, in __setitem__
    setitem(self, self.data.__setitem__, name, object)
  File "/home/tim/.buildout/eggs/zope.app.container-3.5.6-py2.5-linux-x86_64.egg/zope/app/container/contained.py", line 591, in setitem
    notify(event)
  File "/home/tim/.buildout/eggs/zope.event-3.4.0-py2.5.egg/zope/event/__init__.py", line 23, in notify
    subscriber(event)
  File "/home/tim/.buildout/eggs/zope.component-3.4.0-py2.5.egg/zope/component/event.py", line 26, in dispatch
    for ignored in zope.component.subscribers(event, None):
  File "/home/tim/.buildout/eggs/zope.component-3.4.0-py2.5.egg/zope/component/_api.py", line 130, in subscribers
    return sitemanager.subscribers(objects, interface)
  File "/home/tim/.buildout/eggs/zope.component-3.4.0-py2.5.egg/zope/component/registry.py", line 290, in subscribers
    return self.adapters.subscribers(objects, provided)
  File "/home/tim/.buildout/eggs/zope.interface-3.4.1-py2.5-linux-x86_64.egg/zope/interface/adapter.py", line 535, in subscribers
    subscription(*objects)
  File "/home/tim/.buildout/eggs/zope.component-3.4.0-py2.5.egg/zope/component/event.py", line 33, in objectEventNotify
    adapters = zope.component.subscribers((event.object, event), None)
  File "/home/tim/.buildout/eggs/zope.component-3.4.0-py2.5.egg/zope/component/_api.py", line 130, in subscribers
    return sitemanager.subscribers(objects, interface)
  File "/home/tim/.buildout/eggs/zope.component-3.4.0-py2.5.egg/zope/component/registry.py", line 290, in subscribers
    return self.adapters.subscribers(objects, provided)
  File "/home/tim/.buildout/eggs/zope.interface-3.4.1-py2.5-linux-x86_64.egg/zope/interface/adapter.py", line 535, in subscribers
    subscription(*objects)
  File "/home/tim/.buildout/eggs/zope.app.container-3.5.6-py2.5-linux-x86_64.egg/zope/app/container/contained.py", line 181, in dispatchToSublocations
    for sub in subs.sublocations():
  File "/home/tim/.buildout/eggs/zope.app.folder-3.4.0-py2.5.egg/zope/app/folder/folder.py", line 143, in sublocations
    for key in folder:
  File "/home/tim/.buildout/eggs/zope.app.folder-3.4.0-py2.5.egg/zope/app/folder/folder.py", line 44, in __iter__
    return iter(self.data.keys())
AttributeError: 'makeAr' object has no attribute 'data'
------
2009-02-08T17:30:28 INFO paste.httpserver.ThreadPool Shutting down threadpool
------
2009-02-08T17:30:28 INFO paste.httpserver.ThreadPool All workers stopped
------
2009-02-08T17:30:28 INFO paste.httpserver.ThreadPool Shutting down threadpool
------
2009-02-08T17:30:28 INFO paste.httpserver.ThreadPool All workers stopped
------
2009-02-08T17:30:36 WARNING root Developer mode is enabled: this is a security risk and should NOT be enabled on production servers. Developer mode can be turned off in etc/zope.conf
------
2009-02-08T17:32:03 ERROR SiteError http://localhost:8080/oship/setup
Traceback (most recent call last):
  File "/home/tim/.buildout/eggs/zope.publisher-3.4.6-py2.5.egg/zope/publisher/publish.py", line 133, in publish
    result = publication.callObject(request, obj)
  File "/home/tim/.buildout/eggs/grok-1.0a1-py2.5.egg/grok/publication.py", line 91, in callObject
    return super(ZopePublicationSansProxy, self).callObject(request, ob)
  File "/home/tim/.buildout/eggs/zope.app.publication-3.4.3-py2.5.egg/zope/app/publication/zopepublication.py", line 167, in callObject
    return mapply(ob, request.getPositionalArguments(), request)
  File "/home/tim/.buildout/eggs/zope.publisher-3.4.6-py2.5.egg/zope/publisher/publish.py", line 108, in mapply
    return debug_call(obj, args)
   - __traceback_info__: <oship.app.Setup object at 0x51a7790>
  File "/home/tim/.buildout/eggs/zope.publisher-3.4.6-py2.5.egg/zope/publisher/publish.py", line 114, in debug_call
    return obj(*args)
  File "/home/tim/.buildout/eggs/grokcore.view-1.2.1-py2.5.egg/grokcore/view/components.py", line 60, in __call__
    return mapply(self.render, (), self.request)
  File "/home/tim/.buildout/eggs/zope.publisher-3.4.6-py2.5.egg/zope/publisher/publish.py", line 108, in mapply
    return debug_call(obj, args)
   - __traceback_info__: <bound method Setup.render of <oship.app.Setup object at 0x51a7790>>
  File "/home/tim/.buildout/eggs/zope.publisher-3.4.6-py2.5.egg/zope/publisher/publish.py", line 114, in debug_call
    return obj(*args)
  File "/home/tim/oship-openehr/oship/oship/src/oship/app.py", line 26, in render
    self.context['ar'] = makeAr({'name':u"Archetype Repository"})
TypeError: __init__() takes exactly 1 argument (2 given)
------
2009-02-08T17:36:16 INFO paste.httpserver.ThreadPool Shutting down threadpool
------
2009-02-08T17:36:16 INFO paste.httpserver.ThreadPool All workers stopped
------
2009-02-08T17:36:16 INFO paste.httpserver.ThreadPool Shutting down threadpool
------
2009-02-08T17:36:16 INFO paste.httpserver.ThreadPool All workers stopped
------
2009-02-08T17:36:23 WARNING root Developer mode is enabled: this is a security risk and should NOT be enabled on production servers. Developer mode can be turned off in etc/zope.conf
------
2009-02-08T17:38:45 INFO paste.httpserver.ThreadPool kill_hung_threads status: 10 threads (0 working, 10 idle, 0 starting) ave time N/A, max time 0.00sec, killed 0 workers
------
2009-02-08T17:38:56 INFO paste.httpserver.ThreadPool Shutting down threadpool
------
2009-02-08T17:38:56 INFO paste.httpserver.ThreadPool All workers stopped
------
2009-02-08T17:38:56 INFO paste.httpserver.ThreadPool Shutting down threadpool
------
2009-02-08T17:38:56 INFO paste.httpserver.ThreadPool All workers stopped
------
2009-02-08T17:40:55 WARNING root Developer mode is enabled: this is a security risk and should NOT be enabled on production servers. Developer mode can be turned off in etc/zope.conf
------
2009-02-08T17:44:46 INFO paste.httpserver.ThreadPool Shutting down threadpool
------
2009-02-08T17:44:46 INFO paste.httpserver.ThreadPool All workers stopped
------
2009-02-08T17:44:46 INFO paste.httpserver.ThreadPool Shutting down threadpool
------
2009-02-08T17:44:46 INFO paste.httpserver.ThreadPool All workers stopped
------
2009-02-08T17:44:53 WARNING root Developer mode is enabled: this is a security risk and should NOT be enabled on production servers. Developer mode can be turned off in etc/zope.conf
------
2009-02-08T17:45:38 WARNING root Developer mode is enabled: this is a security risk and should NOT be enabled on production servers. Developer mode can be turned off in etc/zope.conf
------
2009-02-08T17:51:09 INFO paste.httpserver.ThreadPool Shutting down threadpool
------
2009-02-08T17:51:09 INFO paste.httpserver.ThreadPool All workers stopped
------
2009-02-08T17:51:09 INFO paste.httpserver.ThreadPool Shutting down threadpool
------
2009-02-08T17:51:09 INFO paste.httpserver.ThreadPool All workers stopped
------
2009-02-08T17:51:17 WARNING root Developer mode is enabled: this is a security risk and should NOT be enabled on production servers. Developer mode can be turned off in etc/zope.conf
------
2009-02-08T17:55:37 INFO paste.httpserver.ThreadPool Shutting down threadpool
------
2009-02-08T17:55:37 INFO paste.httpserver.ThreadPool All workers stopped
------
2009-02-08T17:55:37 INFO paste.httpserver.ThreadPool Shutting down threadpool
------
2009-02-08T17:55:37 INFO paste.httpserver.ThreadPool All workers stopped
------
2009-02-08T17:59:00 WARNING root Developer mode is enabled: this is a security risk and should NOT be enabled on production servers. Developer mode can be turned off in etc/zope.conf
------
2009-02-08T17:59:37 WARNING root Developer mode is enabled: this is a security risk and should NOT be enabled on production servers. Developer mode can be turned off in etc/zope.conf
------
2009-02-08T18:07:28 WARNING root Developer mode is enabled: this is a security risk and should NOT be enabled on production servers. Developer mode can be turned off in etc/zope.conf
------
2009-02-08T18:11:35 WARNING root Developer mode is enabled: this is a security risk and should NOT be enabled on production servers. Developer mode can be turned off in etc/zope.conf
------
2009-02-08T18:11:38 INFO root There were 0 parse errors. 
------
2009-02-08T18:11:38 INFO root *******END OF LOG FILE FOR THIS RUN*******
------
2009-02-08T18:12:58 WARNING root Developer mode is enabled: this is a security risk and should NOT be enabled on production servers. Developer mode can be turned off in etc/zope.conf
------
2009-02-08T18:13:01 INFO root There were 0 parse errors. 
------
2009-02-08T18:13:01 INFO root *******END OF LOG FILE FOR THIS RUN*******
------
2009-02-08T18:14:00 WARNING root Developer mode is enabled: this is a security risk and should NOT be enabled on production servers. Developer mode can be turned off in etc/zope.conf
------
2009-02-08T18:15:04 WARNING root Developer mode is enabled: this is a security risk and should NOT be enabled on production servers. Developer mode can be turned off in etc/zope.conf
------
2009-02-08T18:16:22 WARNING root Developer mode is enabled: this is a security risk and should NOT be enabled on production servers. Developer mode can be turned off in etc/zope.conf
------
2009-02-08T18:17:15 WARNING root Developer mode is enabled: this is a security risk and should NOT be enabled on production servers. Developer mode can be turned off in etc/zope.conf
------
2009-02-08T18:33:12 WARNING root Developer mode is enabled: this is a security risk and should NOT be enabled on production servers. Developer mode can be turned off in etc/zope.conf
------
2009-02-08T18:34:37 WARNING root Developer mode is enabled: this is a security risk and should NOT be enabled on production servers. Developer mode can be turned off in etc/zope.conf
------
2009-02-08T18:35:44 WARNING root Developer mode is enabled: this is a security risk and should NOT be enabled on production servers. Developer mode can be turned off in etc/zope.conf
------
2009-02-08T18:36:35 WARNING root Developer mode is enabled: this is a security risk and should NOT be enabled on production servers. Developer mode can be turned off in etc/zope.conf
------
2009-02-08T18:37:02 WARNING root Developer mode is enabled: this is a security risk and should NOT be enabled on production servers. Developer mode can be turned off in etc/zope.conf
------
2009-02-08T18:41:01 INFO paste.httpserver.ThreadPool Shutting down threadpool
------
2009-02-08T18:41:01 INFO paste.httpserver.ThreadPool All workers stopped
------
2009-02-08T18:41:01 INFO paste.httpserver.ThreadPool Shutting down threadpool
------
2009-02-08T18:41:01 INFO paste.httpserver.ThreadPool All workers stopped
------
2009-02-08T18:41:09 WARNING root Developer mode is enabled: this is a security risk and should NOT be enabled on production servers. Developer mode can be turned off in etc/zope.conf
------
2009-02-08T18:55:44 WARNING root Developer mode is enabled: this is a security risk and should NOT be enabled on production servers. Developer mode can be turned off in etc/zope.conf
------
2009-02-08T19:57:00 INFO paste.httpserver.ThreadPool Shutting down threadpool
------
2009-02-08T19:57:00 INFO paste.httpserver.ThreadPool All workers stopped
------
2009-02-08T19:57:00 INFO paste.httpserver.ThreadPool Shutting down threadpool
------
2009-02-08T19:57:00 INFO paste.httpserver.ThreadPool All workers stopped
------
2009-02-08T19:57:17 WARNING root Developer mode is enabled: this is a security risk and should NOT be enabled on production servers. Developer mode can be turned off in etc/zope.conf
------
2009-02-08T19:57:47 INFO root There were 0 parse errors. 
------
2009-02-08T19:57:47 INFO root *******END OF LOG FILE FOR THIS RUN*******
------
2009-02-08T19:59:04 WARNING root Developer mode is enabled: this is a security risk and should NOT be enabled on production servers. Developer mode can be turned off in etc/zope.conf
------
2009-02-08T19:59:25 INFO root There were 0 parse errors. 
------
2009-02-08T19:59:25 INFO root *******END OF LOG FILE FOR THIS RUN*******
------
2009-02-08T20:02:44 WARNING root Developer mode is enabled: this is a security risk and should NOT be enabled on production servers. Developer mode can be turned off in etc/zope.conf
------
2009-02-08T20:03:11 INFO root There were 0 parse errors. 
------
2009-02-08T20:03:11 INFO root *******END OF LOG FILE FOR THIS RUN*******
------
2009-02-08T20:09:32 WARNING root Developer mode is enabled: this is a security risk and should NOT be enabled on production servers. Developer mode can be turned off in etc/zope.conf
------
2009-02-08T20:09:56 INFO root There were 0 parse errors. 
------
2009-02-08T20:09:56 INFO root *******END OF LOG FILE FOR THIS RUN*******
------
2009-02-08T20:11:51 WARNING root Developer mode is enabled: this is a security risk and should NOT be enabled on production servers. Developer mode can be turned off in etc/zope.conf
------
2009-02-08T20:12:12 INFO root There were 0 parse errors. 
------
2009-02-08T20:12:12 INFO root *******END OF LOG FILE FOR THIS RUN*******
------
2009-02-08T20:22:05 WARNING root Developer mode is enabled: this is a security risk and should NOT be enabled on production servers. Developer mode can be turned off in etc/zope.conf
------
2009-02-08T20:22:27 INFO root There were 0 parse errors. 
------
2009-02-08T20:22:27 INFO root *******END OF LOG FILE FOR THIS RUN*******
------
2009-02-08T20:26:21 WARNING root Developer mode is enabled: this is a security risk and should NOT be enabled on production servers. Developer mode can be turned off in etc/zope.conf
------
2009-02-08T20:26:47 INFO root There were 0 parse errors. 
------
2009-02-08T20:26:47 INFO root *******END OF LOG FILE FOR THIS RUN*******
------
2009-02-08T20:33:36 WARNING root Developer mode is enabled: this is a security risk and should NOT be enabled on production servers. Developer mode can be turned off in etc/zope.conf
------
2009-02-08T20:35:47 INFO root There were 0 parse errors. 
------
2009-02-08T20:35:47 INFO root *******END OF LOG FILE FOR THIS RUN*******
------
2009-02-08T20:38:40 WARNING root Developer mode is enabled: this is a security risk and should NOT be enabled on production servers. Developer mode can be turned off in etc/zope.conf
------
2009-02-08T20:39:00 INFO root There were 0 parse errors. 
------
2009-02-08T20:39:00 INFO root *******END OF LOG FILE FOR THIS RUN*******
------
2009-02-08T20:46:38 WARNING root Developer mode is enabled: this is a security risk and should NOT be enabled on production servers. Developer mode can be turned off in etc/zope.conf
------
2009-02-08T20:47:01 INFO root There were 0 parse errors. 
------
2009-02-08T20:47:01 INFO root *******END OF LOG FILE FOR THIS RUN*******
------
2009-02-08T20:49:49 WARNING root Developer mode is enabled: this is a security risk and should NOT be enabled on production servers. Developer mode can be turned off in etc/zope.conf
------
2009-02-08T20:50:12 INFO root There were 0 parse errors. 
------
2009-02-08T20:50:12 INFO root *******END OF LOG FILE FOR THIS RUN*******
------
2009-02-08T20:57:44 WARNING root Developer mode is enabled: this is a security risk and should NOT be enabled on production servers. Developer mode can be turned off in etc/zope.conf
------
2009-02-08T20:57:47 WARNING ZODB.FileStorage Ignoring index for /home/tim/oship-openehr/oship/oship/parts/data/Data.fs
------
2009-02-08T20:57:56 ERROR SiteError http://localhost:8080/oship/setup
Traceback (most recent call last):
  File "/home/tim/.buildout/eggs/zope.publisher-3.4.6-py2.5.egg/zope/publisher/publish.py", line 133, in publish
    result = publication.callObject(request, obj)
  File "/home/tim/.buildout/eggs/grok-1.0a1-py2.5.egg/grok/publication.py", line 91, in callObject
    return super(ZopePublicationSansProxy, self).callObject(request, ob)
  File "/home/tim/.buildout/eggs/zope.app.publication-3.4.3-py2.5.egg/zope/app/publication/zopepublication.py", line 167, in callObject
    return mapply(ob, request.getPositionalArguments(), request)
  File "/home/tim/.buildout/eggs/zope.publisher-3.4.6-py2.5.egg/zope/publisher/publish.py", line 108, in mapply
    return debug_call(obj, args)
   - __traceback_info__: <oship.app.Setup object at 0x28becd0>
  File "/home/tim/.buildout/eggs/zope.publisher-3.4.6-py2.5.egg/zope/publisher/publish.py", line 114, in debug_call
    return obj(*args)
  File "/home/tim/.buildout/eggs/grokcore.view-1.2.1-py2.5.egg/grokcore/view/components.py", line 60, in __call__
    return mapply(self.render, (), self.request)
  File "/home/tim/.buildout/eggs/zope.publisher-3.4.6-py2.5.egg/zope/publisher/publish.py", line 108, in mapply
    return debug_call(obj, args)
   - __traceback_info__: <bound method Setup.render of <oship.app.Setup object at 0x28becd0>>
  File "/home/tim/.buildout/eggs/zope.publisher-3.4.6-py2.5.egg/zope/publisher/publish.py", line 114, in debug_call
    return obj(*args)
  File "/home/tim/oship-openehr/oship/oship/src/oship/app.py", line 28, in render
    self.context['ar'] = Folder()
  File "/home/tim/.buildout/eggs/zope.app.container-3.5.6-py2.5-linux-x86_64.egg/zope/app/container/btree.py", line 93, in __setitem__
    setitem(self, self._setitemf, key, value)
  File "/home/tim/.buildout/eggs/zope.app.container-3.5.6-py2.5-linux-x86_64.egg/zope/app/container/contained.py", line 586, in setitem
    raise DuplicationError(name)
DuplicationError: ar
------
2009-02-08T20:58:33 INFO paste.httpserver.ThreadPool Shutting down threadpool
------
2009-02-08T20:58:33 INFO paste.httpserver.ThreadPool All workers stopped
------
2009-02-08T20:58:33 INFO paste.httpserver.ThreadPool Shutting down threadpool
------
2009-02-08T20:58:33 INFO paste.httpserver.ThreadPool All workers stopped
------
2009-02-08T20:58:41 WARNING root Developer mode is enabled: this is a security risk and should NOT be enabled on production servers. Developer mode can be turned off in etc/zope.conf
------
2009-02-08T21:02:07 INFO paste.httpserver.ThreadPool Shutting down threadpool
------
2009-02-08T21:02:07 INFO paste.httpserver.ThreadPool All workers stopped
------
2009-02-08T21:02:07 INFO paste.httpserver.ThreadPool Shutting down threadpool
------
2009-02-08T21:02:07 INFO paste.httpserver.ThreadPool All workers stopped
------
2009-02-08T21:02:15 WARNING root Developer mode is enabled: this is a security risk and should NOT be enabled on production servers. Developer mode can be turned off in etc/zope.conf
------
2009-02-08T21:02:43 INFO root There were 0 parse errors. 
------
2009-02-08T21:02:43 INFO root *******END OF LOG FILE FOR THIS RUN*******
------
2009-02-08T21:04:24 WARNING root Developer mode is enabled: this is a security risk and should NOT be enabled on production servers. Developer mode can be turned off in etc/zope.conf
------
2009-02-08T21:04:47 INFO root Processing: /home/tim/oship-openehr/oship/oship/src/oship/openehr/adl/openEHR-EHR-CLUSTER.checklist_item-general.v1.adl
------
2009-02-08T21:04:48 INFO root Processing: /home/tim/oship-openehr/oship/oship/src/oship/openehr/adl/openEHR-EHR-EVALUATION.alert.v1.adl
------
2009-02-08T21:04:48 INFO root There were 0 parse errors. 
------
2009-02-08T21:04:48 INFO root *******END OF LOG FILE FOR THIS RUN*******
------
2009-02-08T21:10:55 WARNING root Developer mode is enabled: this is a security risk and should NOT be enabled on production servers. Developer mode can be turned off in etc/zope.conf
------
2009-02-08T21:11:39 INFO root Processing: /home/tim/oship-openehr/oship/oship/src/oship/openehr/adl/openEHR-EHR-CLUSTER.checklist_item-general.v1.adl
------
2009-02-08T21:11:40 INFO root Processing: /home/tim/oship-openehr/oship/oship/src/oship/openehr/adl/openEHR-EHR-EVALUATION.alert.v1.adl
------
2009-02-08T21:11:40 INFO root There were 0 parse errors. 
------
2009-02-08T21:11:40 INFO root *******END OF LOG FILE FOR THIS RUN*******
------
2009-02-08T21:16:01 WARNING root Developer mode is enabled: this is a security risk and should NOT be enabled on production servers. Developer mode can be turned off in etc/zope.conf
------
2009-02-08T21:16:21 INFO root Processing: /home/tim/oship-openehr/oship/oship/src/oship/openehr/adl/openEHR-EHR-CLUSTER.checklist_item-general.v1.adl
------
2009-02-08T21:16:21 ERROR SiteError http://localhost:8080/oship/setup
Traceback (most recent call last):
  File "/home/tim/.buildout/eggs/zope.publisher-3.4.6-py2.5.egg/zope/publisher/publish.py", line 133, in publish
    result = publication.callObject(request, obj)
  File "/home/tim/.buildout/eggs/grok-1.0a1-py2.5.egg/grok/publication.py", line 91, in callObject
    return super(ZopePublicationSansProxy, self).callObject(request, ob)
  File "/home/tim/.buildout/eggs/zope.app.publication-3.4.3-py2.5.egg/zope/app/publication/zopepublication.py", line 167, in callObject
    return mapply(ob, request.getPositionalArguments(), request)
  File "/home/tim/.buildout/eggs/zope.publisher-3.4.6-py2.5.egg/zope/publisher/publish.py", line 108, in mapply
    return debug_call(obj, args)
   - __traceback_info__: <oship.app.Setup object at 0x28bedd0>
  File "/home/tim/.buildout/eggs/zope.publisher-3.4.6-py2.5.egg/zope/publisher/publish.py", line 114, in debug_call
    return obj(*args)
  File "/home/tim/.buildout/eggs/grokcore.view-1.2.1-py2.5.egg/grokcore/view/components.py", line 60, in __call__
    return mapply(self.render, (), self.request)
  File "/home/tim/.buildout/eggs/zope.publisher-3.4.6-py2.5.egg/zope/publisher/publish.py", line 108, in mapply
    return debug_call(obj, args)
   - __traceback_info__: <bound method Setup.render of <oship.app.Setup object at 0x28bedd0>>
  File "/home/tim/.buildout/eggs/zope.publisher-3.4.6-py2.5.egg/zope/publisher/publish.py", line 114, in debug_call
    return obj(*args)
  File "/home/tim/oship-openehr/oship/oship/src/oship/app.py", line 32, in render
    self.context['ar'].__setitem__("OSHIP Test",CreateAT())
  File "/home/tim/oship-openehr/oship/oship/src/oship/openehr/atbldr.py", line 109, in CreateAT
    atfldr.__setitem__(self,fname,bldArchetype(fname,parsed_adl))
NameError: global name 'self' is not defined
------
2009-02-08T21:16:45 INFO paste.httpserver.ThreadPool Shutting down threadpool
------
2009-02-08T21:16:45 INFO paste.httpserver.ThreadPool All workers stopped
------
2009-02-08T21:16:45 INFO paste.httpserver.ThreadPool Shutting down threadpool
------
2009-02-08T21:16:45 INFO paste.httpserver.ThreadPool All workers stopped
------
2009-02-08T21:16:50 WARNING root Developer mode is enabled: this is a security risk and should NOT be enabled on production servers. Developer mode can be turned off in etc/zope.conf
------
2009-02-08T21:17:09 INFO root Processing: /home/tim/oship-openehr/oship/oship/src/oship/openehr/adl/openEHR-EHR-CLUSTER.checklist_item-general.v1.adl
------
2009-02-08T21:17:10 INFO root Processing: /home/tim/oship-openehr/oship/oship/src/oship/openehr/adl/openEHR-EHR-EVALUATION.alert.v1.adl
------
2009-02-08T21:17:10 INFO root There were 0 parse errors. 
------
2009-02-08T21:17:10 INFO root <OOBTreeItems object at 0x373a5f0>
------
2009-02-08T21:17:10 INFO root *******END OF LOG FILE FOR THIS RUN*******
------
2009-02-08T21:20:41 WARNING root Developer mode is enabled: this is a security risk and should NOT be enabled on production servers. Developer mode can be turned off in etc/zope.conf
------
2009-02-08T21:21:03 INFO root Processing: /home/tim/oship-openehr/oship/oship/src/oship/openehr/adl/openEHR-EHR-CLUSTER.checklist_item-general.v1.adl
------
2009-02-08T21:21:04 INFO root Processing: /home/tim/oship-openehr/oship/oship/src/oship/openehr/adl/openEHR-EHR-EVALUATION.alert.v1.adl
------
2009-02-08T21:21:04 INFO root There were 0 parse errors. 
------
2009-02-08T21:21:04 INFO root *******END OF LOG FILE FOR THIS RUN*******
------
2009-02-08T21:33:16 WARNING root Developer mode is enabled: this is a security risk and should NOT be enabled on production servers. Developer mode can be turned off in etc/zope.conf
------
2009-02-08T21:33:41 ERROR SiteError http://localhost:8080/oship/setup
Traceback (most recent call last):
  File "/home/tim/.buildout/eggs/zope.publisher-3.4.6-py2.5.egg/zope/publisher/publish.py", line 133, in publish
    result = publication.callObject(request, obj)
  File "/home/tim/.buildout/eggs/grok-1.0a1-py2.5.egg/grok/publication.py", line 91, in callObject
    return super(ZopePublicationSansProxy, self).callObject(request, ob)
  File "/home/tim/.buildout/eggs/zope.app.publication-3.4.3-py2.5.egg/zope/app/publication/zopepublication.py", line 167, in callObject
    return mapply(ob, request.getPositionalArguments(), request)
  File "/home/tim/.buildout/eggs/zope.publisher-3.4.6-py2.5.egg/zope/publisher/publish.py", line 108, in mapply
    return debug_call(obj, args)
   - __traceback_info__: <oship.app.Setup object at 0x28fc990>
  File "/home/tim/.buildout/eggs/zope.publisher-3.4.6-py2.5.egg/zope/publisher/publish.py", line 114, in debug_call
    return obj(*args)
  File "/home/tim/.buildout/eggs/grokcore.view-1.2.1-py2.5.egg/grokcore/view/components.py", line 60, in __call__
    return mapply(self.render, (), self.request)
  File "/home/tim/.buildout/eggs/zope.publisher-3.4.6-py2.5.egg/zope/publisher/publish.py", line 108, in mapply
    return debug_call(obj, args)
   - __traceback_info__: <bound method Setup.render of <oship.app.Setup object at 0x28fc990>>
  File "/home/tim/.buildout/eggs/zope.publisher-3.4.6-py2.5.egg/zope/publisher/publish.py", line 114, in debug_call
    return obj(*args)
  File "/home/tim/oship-openehr/oship/oship/src/oship/app.py", line 33, in render
    while atname is not None:
UnboundLocalError: local variable 'atname' referenced before assignment
------
2009-02-08T21:34:22 INFO paste.httpserver.ThreadPool Shutting down threadpool
------
2009-02-08T21:34:22 INFO paste.httpserver.ThreadPool All workers stopped
------
2009-02-08T21:34:22 INFO paste.httpserver.ThreadPool Shutting down threadpool
------
2009-02-08T21:34:22 INFO paste.httpserver.ThreadPool All workers stopped
------
2009-02-08T21:34:30 WARNING root Developer mode is enabled: this is a security risk and should NOT be enabled on production servers. Developer mode can be turned off in etc/zope.conf
------
2009-02-08T21:34:51 INFO root Processing: /home/tim/oship-openehr/oship/oship/src/oship/openehr/adl/openEHR-EHR-CLUSTER.checklist_item-general.v1.adl
------
2009-02-08T21:34:51 INFO root Processing: /home/tim/oship-openehr/oship/oship/src/oship/openehr/adl/openEHR-EHR-EVALUATION.alert.v1.adl
------
2009-02-08T21:34:51 INFO root There were 0 parse errors. 
------
2009-02-08T21:34:51 INFO root *******END OF LOG FILE FOR THIS RUN*******
------
2009-02-08T21:49:55 WARNING root Developer mode is enabled: this is a security risk and should NOT be enabled on production servers. Developer mode can be turned off in etc/zope.conf
------
2009-02-08T21:50:28 INFO root Processing: /home/tim/oship-openehr/oship/oship/src/oship/openehr/adl/openEHR-EHR-CLUSTER.checklist_item-general.v1.adl
------
2009-02-08T21:50:28 INFO root Processing: /home/tim/oship-openehr/oship/oship/src/oship/openehr/adl/openEHR-EHR-EVALUATION.alert.v1.adl
------
2009-02-08T21:50:28 INFO root There were 0 parse errors. 
------
2009-02-08T21:50:28 INFO root *******END OF LOG FILE FOR THIS RUN*******
------
2009-02-08T21:52:16 WARNING root Developer mode is enabled: this is a security risk and should NOT be enabled on production servers. Developer mode can be turned off in etc/zope.conf
------
2009-02-08T21:52:43 INFO root Processing: /home/tim/oship-openehr/oship/oship/src/oship/openehr/adl/openEHR-EHR-CLUSTER.checklist_item-general.v1.adl
------
2009-02-08T21:52:43 INFO root Processing: /home/tim/oship-openehr/oship/oship/src/oship/openehr/adl/openEHR-EHR-EVALUATION.alert.v1.adl
------
2009-02-08T21:52:43 INFO root There were 0 parse errors. 
------
2009-02-08T21:52:43 INFO root *******END OF LOG FILE FOR THIS RUN*******
------
2009-02-08T22:00:05 WARNING root Developer mode is enabled: this is a security risk and should NOT be enabled on production servers. Developer mode can be turned off in etc/zope.conf
------
2009-02-08T22:00:25 INFO root Processing: /home/tim/oship-openehr/oship/oship/src/oship/openehr/adl/openEHR-EHR-CLUSTER.checklist_item-general.v1.adl
------
2009-02-08T22:00:25 INFO root Processing: /home/tim/oship-openehr/oship/oship/src/oship/openehr/adl/openEHR-EHR-EVALUATION.alert.v1.adl
------
2009-02-08T22:00:25 INFO root There were 0 parse errors. 
------
2009-02-08T22:00:25 INFO root *******END OF LOG FILE FOR THIS RUN*******
------
2009-02-08T22:02:54 WARNING root Developer mode is enabled: this is a security risk and should NOT be enabled on production servers. Developer mode can be turned off in etc/zope.conf
------
2009-02-08T22:03:16 INFO root Processing: /home/tim/oship-openehr/oship/oship/src/oship/openehr/adl/openEHR-EHR-CLUSTER.checklist_item-general.v1.adl
------
2009-02-08T22:03:16 INFO root Processing: /home/tim/oship-openehr/oship/oship/src/oship/openehr/adl/openEHR-EHR-CLUSTER.checklist_item-general.v1.adl
------
2009-02-08T22:04:44 INFO paste.httpserver.ThreadPool Shutting down threadpool
------
2009-02-08T22:04:44 INFO paste.httpserver.ThreadPool All workers stopped
------
2009-02-08T22:04:44 INFO paste.httpserver.ThreadPool Shutting down threadpool
------
2009-02-08T22:04:44 INFO paste.httpserver.ThreadPool All workers stopped
------
2009-02-08T22:04:52 WARNING root Developer mode is enabled: this is a security risk and should NOT be enabled on production servers. Developer mode can be turned off in etc/zope.conf
------
2009-02-08T22:05:12 INFO root Processing: /home/tim/oship-openehr/oship/oship/src/oship/openehr/adl/openEHR-EHR-CLUSTER.checklist_item-general.v1.adl
------
2009-02-08T22:05:13 INFO root Processing: /home/tim/oship-openehr/oship/oship/src/oship/openehr/adl/openEHR-EHR-CLUSTER.checklist_item-general.v1.adl
------
2009-02-08T22:06:17 INFO paste.httpserver.ThreadPool Shutting down threadpool
------
2009-02-08T22:06:17 INFO paste.httpserver.ThreadPool All workers stopped
------
2009-02-08T22:06:17 INFO paste.httpserver.ThreadPool Shutting down threadpool
------
2009-02-08T22:06:17 INFO paste.httpserver.ThreadPool All workers stopped
------
2009-02-08T22:06:24 WARNING root Developer mode is enabled: this is a security risk and should NOT be enabled on production servers. Developer mode can be turned off in etc/zope.conf
------
2009-02-08T22:06:43 INFO root Processing: /home/tim/oship-openehr/oship/oship/src/oship/openehr/adl/openEHR-EHR-CLUSTER.checklist_item-general.v1.adl
------
2009-02-08T22:06:44 INFO root Processing: /home/tim/oship-openehr/oship/oship/src/oship/openehr/adl/openEHR-EHR-EVALUATION.alert.v1.adl
------
2009-02-08T22:06:44 INFO root Processing: /home/tim/oship-openehr/oship/oship/src/oship/openehr/adl/openEHR-EHR-CLUSTER.checklist_item-general.v1.adl
------
2009-02-08T22:06:44 INFO root Processing: /home/tim/oship-openehr/oship/oship/src/oship/openehr/adl/openEHR-EHR-EVALUATION.alert.v1.adl
------
2009-02-08T22:11:03 INFO paste.httpserver.ThreadPool Shutting down threadpool
------
2009-02-08T22:11:03 INFO paste.httpserver.ThreadPool All workers stopped
------
2009-02-08T22:11:03 INFO paste.httpserver.ThreadPool Shutting down threadpool
------
2009-02-08T22:11:03 INFO paste.httpserver.ThreadPool All workers stopped
------
2009-02-08T22:11:10 WARNING root Developer mode is enabled: this is a security risk and should NOT be enabled on production servers. Developer mode can be turned off in etc/zope.conf
------
2009-02-08T22:11:33 INFO root Processing: 'openEHR-EHR-CLUSTER.checklist_item-general.v1'
------
2009-02-08T22:11:33 INFO root Processing: 'openEHR-EHR-CLUSTER.checklist_item-general.v1'
------
2009-02-08T22:13:53 INFO paste.httpserver.ThreadPool Shutting down threadpool
------
2009-02-08T22:13:53 INFO paste.httpserver.ThreadPool All workers stopped
------
2009-02-08T22:13:53 INFO paste.httpserver.ThreadPool Shutting down threadpool
------
2009-02-08T22:13:53 INFO paste.httpserver.ThreadPool All workers stopped
------
2009-02-08T22:14:01 WARNING root Developer mode is enabled: this is a security risk and should NOT be enabled on production servers. Developer mode can be turned off in etc/zope.conf
------
2009-02-08T22:15:30 WARNING root Developer mode is enabled: this is a security risk and should NOT be enabled on production servers. Developer mode can be turned off in etc/zope.conf
------
2009-02-08T22:16:04 INFO root Processing: 'openEHR-EHR-CLUSTER.checklist_item-general.v1'
------
2009-02-08T22:16:05 INFO root Processing: 'openEHR-EHR-EVALUATION.alert.v1'
------
2009-02-08T22:16:05 INFO root Processing: 'openEHR-EHR-CLUSTER.checklist_item-general.v1'
------
2009-02-08T22:16:05 INFO root Processing: 'openEHR-EHR-EVALUATION.alert.v1'
------
2009-02-08T22:17:00 ERROR SiteError http://localhost:8080/docgrok-obj/oship/ar/%27openEHR-EHR-EVALUATION.alert.v1%27/1/@@inspect.html
Traceback (most recent call last):
  File "/home/tim/.buildout/eggs/zope.publisher-3.4.6-py2.5.egg/zope/publisher/publish.py", line 133, in publish
    result = publication.callObject(request, obj)
  File "/home/tim/.buildout/eggs/grok-1.0a1-py2.5.egg/grok/publication.py", line 91, in callObject
    return super(ZopePublicationSansProxy, self).callObject(request, ob)
  File "/home/tim/.buildout/eggs/zope.app.publication-3.4.3-py2.5.egg/zope/app/publication/zopepublication.py", line 167, in callObject
    return mapply(ob, request.getPositionalArguments(), request)
  File "/home/tim/.buildout/eggs/zope.publisher-3.4.6-py2.5.egg/zope/publisher/publish.py", line 108, in mapply
    return debug_call(obj, args)
   - __traceback_info__: <grokui.admin.view.Inspect object at 0x4c03a50>
  File "/home/tim/.buildout/eggs/zope.publisher-3.4.6-py2.5.egg/zope/publisher/publish.py", line 114, in debug_call
    return obj(*args)
  File "/home/tim/.buildout/eggs/grokcore.view-1.2.1-py2.5.egg/grokcore/view/components.py", line 51, in __call__
    mapply(self.update, (), self.request)
  File "/home/tim/.buildout/eggs/zope.publisher-3.4.6-py2.5.egg/zope/publisher/publish.py", line 108, in mapply
    return debug_call(obj, args)
   - __traceback_info__: <bound method Inspect.update of <grokui.admin.view.Inspect object at 0x4c03a50>>
  File "/home/tim/.buildout/eggs/zope.publisher-3.4.6-py2.5.egg/zope/publisher/publish.py", line 114, in debug_call
    return obj(*args)
  File "/home/tim/.buildout/eggs/grokui.admin-0.1.2-py2.5.egg/grokui/admin/view.py", line 189, in update
    parent = ob_info.getParent()
  File "/home/tim/.buildout/eggs/grokui.admin-0.1.2-py2.5.egg/grokui/admin/objectinfo.py", line 384, in getParent
    return getParent(self.obj)
  File "/home/tim/.buildout/eggs/zope.traversing-3.4.1-py2.5.egg/zope/traversing/api.py", line 140, in getParent
    raise TypeError("Not enough context information to get parent", obj)
TypeError: ('Not enough context information to get parent', <zope.app.folder.folder.Folder object at 0x28998c0>)
------
2009-02-08T22:17:27 INFO paste.httpserver.ThreadPool Shutting down threadpool
------
2009-02-08T22:17:27 INFO paste.httpserver.ThreadPool All workers stopped
------
2009-02-08T22:17:27 INFO paste.httpserver.ThreadPool Shutting down threadpool
------
2009-02-08T22:17:27 INFO paste.httpserver.ThreadPool All workers stopped
------
2009-02-08T22:19:45 WARNING root Developer mode is enabled: this is a security risk and should NOT be enabled on production servers. Developer mode can be turned off in etc/zope.conf
------
2009-02-08T22:20:09 INFO root Processing: 'openEHR-EHR-CLUSTER.checklist_item-general.v1'
------
2009-02-08T22:20:10 INFO root Processing: 'openEHR-EHR-CLUSTER.checklist_item-general.v1'
------
2009-02-08T22:26:15 INFO paste.httpserver.ThreadPool Shutting down threadpool
------
2009-02-08T22:26:15 INFO paste.httpserver.ThreadPool All workers stopped
------
2009-02-08T22:26:15 INFO paste.httpserver.ThreadPool Shutting down threadpool
------
2009-02-08T22:26:15 INFO paste.httpserver.ThreadPool All workers stopped
------
2009-02-08T22:26:22 WARNING root Developer mode is enabled: this is a security risk and should NOT be enabled on production servers. Developer mode can be turned off in etc/zope.conf
------
2009-02-08T22:26:40 INFO root Processing: 'openEHR-EHR-CLUSTER.checklist_item-general.v1'
------
2009-02-08T22:26:41 INFO root Processing: 'openEHR-EHR-CLUSTER.checklist_item-general.v1'
------
2009-02-08T22:28:04 INFO paste.httpserver.ThreadPool Shutting down threadpool
------
2009-02-08T22:28:04 INFO paste.httpserver.ThreadPool All workers stopped
------
2009-02-08T22:28:04 INFO paste.httpserver.ThreadPool Shutting down threadpool
------
2009-02-08T22:28:04 INFO paste.httpserver.ThreadPool All workers stopped
------
2009-02-08T22:28:11 WARNING root Developer mode is enabled: this is a security risk and should NOT be enabled on production servers. Developer mode can be turned off in etc/zope.conf
------
2009-02-08T22:28:36 INFO root Processing: 'openEHR-EHR-CLUSTER.checklist_item-general.v1'
------
2009-02-08T22:28:36 INFO root Processing: 'openEHR-EHR-CLUSTER.checklist_item-general.v1'
------
2009-02-08T22:36:00 INFO paste.httpserver.ThreadPool Shutting down threadpool
------
2009-02-08T22:36:00 INFO paste.httpserver.ThreadPool All workers stopped
------
2009-02-08T22:36:00 INFO paste.httpserver.ThreadPool Shutting down threadpool
------
2009-02-08T22:36:00 INFO paste.httpserver.ThreadPool All workers stopped
------
2009-02-08T22:36:10 WARNING root Developer mode is enabled: this is a security risk and should NOT be enabled on production servers. Developer mode can be turned off in etc/zope.conf
------
2009-02-08T22:36:13 INFO root There were 0 parse errors. 
------
2009-02-08T22:36:13 INFO root *******END OF LOG FILE FOR THIS RUN*******
------
2009-02-08T22:41:59 WARNING root Developer mode is enabled: this is a security risk and should NOT be enabled on production servers. Developer mode can be turned off in etc/zope.conf
------
2009-02-08T22:42:02 INFO root There were 0 parse errors. 
------
2009-02-08T22:42:02 INFO root *******END OF LOG FILE FOR THIS RUN*******
------
2009-02-08T23:10:43 WARNING root Developer mode is enabled: this is a security risk and should NOT be enabled on production servers. Developer mode can be turned off in etc/zope.conf
------
2009-02-08T23:13:32 WARNING root Developer mode is enabled: this is a security risk and should NOT be enabled on production servers. Developer mode can be turned off in etc/zope.conf
------
2009-02-08T23:13:35 INFO root There were parse errors. 
------
2009-02-08T23:13:35 INFO root *******END OF LOG FILE FOR THIS RUN*******
------
2009-02-08T23:17:20 WARNING root Developer mode is enabled: this is a security risk and should NOT be enabled on production servers. Developer mode can be turned off in etc/zope.conf
------
2009-02-08T23:17:23 INFO root There were parse errors. 
------
2009-02-08T23:17:23 INFO root *******END OF LOG FILE FOR THIS RUN*******
------
2009-02-08T23:24:46 WARNING root Developer mode is enabled: this is a security risk and should NOT be enabled on production servers. Developer mode can be turned off in etc/zope.conf
------
2009-02-08T23:24:49 INFO root There were parse errors. 
------
2009-02-08T23:24:49 INFO root *******END OF LOG FILE FOR THIS RUN*******
------
2009-02-08T23:27:51 WARNING root Developer mode is enabled: this is a security risk and should NOT be enabled on production servers. Developer mode can be turned off in etc/zope.conf
------
2009-02-08T23:27:54 INFO root There were parse errors. 
------
2009-02-08T23:27:54 INFO root *******END OF LOG FILE FOR THIS RUN*******
------
2009-02-08T23:29:38 WARNING root Developer mode is enabled: this is a security risk and should NOT be enabled on production servers. Developer mode can be turned off in etc/zope.conf
------
2009-02-08T23:29:41 INFO root There were parse errors. 
------
2009-02-08T23:29:41 INFO root *******END OF LOG FILE FOR THIS RUN*******
------
2009-02-08T23:31:32 WARNING root Developer mode is enabled: this is a security risk and should NOT be enabled on production servers. Developer mode can be turned off in etc/zope.conf
------
2009-02-08T23:31:35 INFO root There were parse errors. 
------
2009-02-08T23:31:35 INFO root *******END OF LOG FILE FOR THIS RUN*******
------
2009-02-08T23:39:45 WARNING root Developer mode is enabled: this is a security risk and should NOT be enabled on production servers. Developer mode can be turned off in etc/zope.conf
------
2009-02-08T23:39:48 INFO root There were parse errors. 
------
2009-02-08T23:39:48 INFO root *******END OF LOG FILE FOR THIS RUN*******
------
2009-02-08T23:42:50 WARNING root Developer mode is enabled: this is a security risk and should NOT be enabled on production servers. Developer mode can be turned off in etc/zope.conf
------
2009-02-08T23:42:53 INFO root There were parse errors. 
------
2009-02-08T23:42:53 INFO root *******END OF LOG FILE FOR THIS RUN*******
------
2009-02-08T23:48:40 WARNING root Developer mode is enabled: this is a security risk and should NOT be enabled on production servers. Developer mode can be turned off in etc/zope.conf
------
2009-02-08T23:48:43 INFO root There were parse errors. 
------
2009-02-08T23:48:43 INFO root *******END OF LOG FILE FOR THIS RUN*******
------
2009-02-08T23:49:56 WARNING root Developer mode is enabled: this is a security risk and should NOT be enabled on production servers. Developer mode can be turned off in etc/zope.conf
------
2009-02-08T23:49:59 INFO root There were parse errors. 
------
2009-02-08T23:49:59 INFO root *******END OF LOG FILE FOR THIS RUN*******
------
2009-02-08T23:50:57 WARNING root Developer mode is enabled: this is a security risk and should NOT be enabled on production servers. Developer mode can be turned off in etc/zope.conf
------
2009-02-08T23:51:00 INFO root There were parse errors. 
------
2009-02-08T23:51:00 INFO root *******END OF LOG FILE FOR THIS RUN*******
------
2009-02-09T08:09:54 WARNING root Developer mode is enabled: this is a security risk and should NOT be enabled on production servers. Developer mode can be turned off in etc/zope.conf
------
2009-02-09T08:10:05 INFO root There were parse errors. 
------
2009-02-09T08:10:05 INFO root *******END OF LOG FILE FOR THIS RUN*******
------
2009-02-09T08:12:25 WARNING root Developer mode is enabled: this is a security risk and should NOT be enabled on production servers. Developer mode can be turned off in etc/zope.conf
------
2009-02-09T08:12:28 INFO root There were parse errors. 
------
2009-02-09T08:12:28 INFO root *******END OF LOG FILE FOR THIS RUN*******
------
2009-02-09T08:19:26 WARNING root Developer mode is enabled: this is a security risk and should NOT be enabled on production servers. Developer mode can be turned off in etc/zope.conf
------
2009-02-09T08:19:29 INFO root There were parse errors. 
------
2009-02-09T08:19:29 INFO root *******END OF LOG FILE FOR THIS RUN*******
------
2009-02-09T08:20:32 WARNING root Developer mode is enabled: this is a security risk and should NOT be enabled on production servers. Developer mode can be turned off in etc/zope.conf
------
2009-02-09T08:20:34 INFO root There were parse errors. 
------
2009-02-09T08:20:34 INFO root *******END OF LOG FILE FOR THIS RUN*******
------
2009-02-09T08:22:51 WARNING root Developer mode is enabled: this is a security risk and should NOT be enabled on production servers. Developer mode can be turned off in etc/zope.conf
------
2009-02-09T08:22:54 INFO root There were parse errors. 
------
2009-02-09T08:22:54 INFO root *******END OF LOG FILE FOR THIS RUN*******
------
2009-02-09T08:27:51 WARNING root Developer mode is enabled: this is a security risk and should NOT be enabled on production servers. Developer mode can be turned off in etc/zope.conf
------
2009-02-09T08:27:54 INFO root There were parse errors. 
------
2009-02-09T08:27:54 INFO root *******END OF LOG FILE FOR THIS RUN*******
------
2009-02-09T08:33:19 WARNING root Developer mode is enabled: this is a security risk and should NOT be enabled on production servers. Developer mode can be turned off in etc/zope.conf
------
2009-02-09T08:33:22 INFO root There were parse errors. 
------
2009-02-09T08:33:22 INFO root *******END OF LOG FILE FOR THIS RUN*******
------
2009-02-09T08:35:35 WARNING root Developer mode is enabled: this is a security risk and should NOT be enabled on production servers. Developer mode can be turned off in etc/zope.conf
------
2009-02-09T08:35:38 INFO root There were parse errors. 
------
2009-02-09T08:35:38 INFO root *******END OF LOG FILE FOR THIS RUN*******
------
2009-02-09T08:37:49 WARNING root Developer mode is enabled: this is a security risk and should NOT be enabled on production servers. Developer mode can be turned off in etc/zope.conf
------
2009-02-09T08:37:52 INFO root There were parse errors. 
------
2009-02-09T08:37:52 INFO root *******END OF LOG FILE FOR THIS RUN*******
------
2009-02-09T08:40:24 WARNING root Developer mode is enabled: this is a security risk and should NOT be enabled on production servers. Developer mode can be turned off in etc/zope.conf
------
2009-02-09T08:40:26 INFO root There were parse errors. 
------
2009-02-09T08:40:26 INFO root *******END OF LOG FILE FOR THIS RUN*******
------
2009-02-09T08:42:52 WARNING root Developer mode is enabled: this is a security risk and should NOT be enabled on production servers. Developer mode can be turned off in etc/zope.conf
------
2009-02-09T08:42:55 INFO root There were parse errors. 
------
2009-02-09T08:42:55 INFO root *******END OF LOG FILE FOR THIS RUN*******
------
2009-02-09T08:47:11 WARNING root Developer mode is enabled: this is a security risk and should NOT be enabled on production servers. Developer mode can be turned off in etc/zope.conf
------
2009-02-09T08:47:14 INFO root There were parse errors. 
------
2009-02-09T08:47:14 INFO root *******END OF LOG FILE FOR THIS RUN*******
------
2009-02-09T08:58:58 WARNING root Developer mode is enabled: this is a security risk and should NOT be enabled on production servers. Developer mode can be turned off in etc/zope.conf
------
2009-02-09T08:59:01 INFO root There were parse errors. 
------
2009-02-09T08:59:01 INFO root *******END OF LOG FILE FOR THIS RUN*******
------
2009-02-09T09:00:43 WARNING root Developer mode is enabled: this is a security risk and should NOT be enabled on production servers. Developer mode can be turned off in etc/zope.conf
------
2009-02-09T09:00:45 INFO root There were parse errors. 
------
2009-02-09T09:00:45 INFO root *******END OF LOG FILE FOR THIS RUN*******
------
2009-02-09T09:02:49 WARNING root Developer mode is enabled: this is a security risk and should NOT be enabled on production servers. Developer mode can be turned off in etc/zope.conf
------
2009-02-09T09:02:52 INFO root There were parse errors. 
------
2009-02-09T09:02:52 INFO root *******END OF LOG FILE FOR THIS RUN*******
------
2009-02-09T09:03:39 WARNING root Developer mode is enabled: this is a security risk and should NOT be enabled on production servers. Developer mode can be turned off in etc/zope.conf
------
2009-02-09T09:03:42 INFO root There were parse errors. 
------
2009-02-09T09:03:42 INFO root *******END OF LOG FILE FOR THIS RUN*******
------
2009-02-09T09:04:46 WARNING root Developer mode is enabled: this is a security risk and should NOT be enabled on production servers. Developer mode can be turned off in etc/zope.conf
------
2009-02-09T09:04:49 INFO root There were parse errors. 
------
2009-02-09T09:04:49 INFO root *******END OF LOG FILE FOR THIS RUN*******
------
2009-02-09T09:09:08 WARNING root Developer mode is enabled: this is a security risk and should NOT be enabled on production servers. Developer mode can be turned off in etc/zope.conf
------
2009-02-09T09:09:11 INFO root There were parse errors. 
------
2009-02-09T09:09:11 INFO root *******END OF LOG FILE FOR THIS RUN*******
------
2009-02-09T09:11:24 WARNING root Developer mode is enabled: this is a security risk and should NOT be enabled on production servers. Developer mode can be turned off in etc/zope.conf
------
2009-02-09T09:11:26 INFO root There were parse errors. 
------
2009-02-09T09:11:26 INFO root *******END OF LOG FILE FOR THIS RUN*******
------
2009-02-09T09:13:26 WARNING root Developer mode is enabled: this is a security risk and should NOT be enabled on production servers. Developer mode can be turned off in etc/zope.conf
------
2009-02-09T09:13:29 INFO root There were parse errors. 
------
2009-02-09T09:13:29 INFO root *******END OF LOG FILE FOR THIS RUN*******
------
2009-02-09T09:20:08 WARNING root Developer mode is enabled: this is a security risk and should NOT be enabled on production servers. Developer mode can be turned off in etc/zope.conf
------
2009-02-09T09:20:11 INFO root There were parse errors. 
------
2009-02-09T09:20:11 INFO root *******END OF LOG FILE FOR THIS RUN*******
------
2009-02-09T09:21:57 WARNING root Developer mode is enabled: this is a security risk and should NOT be enabled on production servers. Developer mode can be turned off in etc/zope.conf
------
2009-02-09T09:22:01 INFO root There were parse errors. 
------
2009-02-09T09:22:01 INFO root *******END OF LOG FILE FOR THIS RUN*******
------
2009-02-09T09:27:03 WARNING root Developer mode is enabled: this is a security risk and should NOT be enabled on production servers. Developer mode can be turned off in etc/zope.conf
------
2009-02-09T09:28:16 WARNING root Developer mode is enabled: this is a security risk and should NOT be enabled on production servers. Developer mode can be turned off in etc/zope.conf
------
2009-02-09T09:28:18 INFO root There were parse errors. 
------
2009-02-09T09:28:18 INFO root *******END OF LOG FILE FOR THIS RUN*******
------
2009-02-09T09:29:20 WARNING root Developer mode is enabled: this is a security risk and should NOT be enabled on production servers. Developer mode can be turned off in etc/zope.conf
------
2009-02-09T09:29:23 INFO root There were parse errors. 
------
2009-02-09T09:29:23 INFO root *******END OF LOG FILE FOR THIS RUN*******
------
2009-02-09T09:30:15 WARNING root Developer mode is enabled: this is a security risk and should NOT be enabled on production servers. Developer mode can be turned off in etc/zope.conf
------
2009-02-09T09:30:17 INFO root There were parse errors. 
------
2009-02-09T09:30:17 INFO root *******END OF LOG FILE FOR THIS RUN*******
------
2009-02-09T09:33:17 WARNING root Developer mode is enabled: this is a security risk and should NOT be enabled on production servers. Developer mode can be turned off in etc/zope.conf
------
2009-02-09T09:33:19 INFO root There were parse errors. 
------
2009-02-09T09:33:19 INFO root *******END OF LOG FILE FOR THIS RUN*******
------
2009-02-09T09:39:38 WARNING root Developer mode is enabled: this is a security risk and should NOT be enabled on production servers. Developer mode can be turned off in etc/zope.conf
------
2009-02-09T09:39:40 INFO root There were parse errors. 
------
2009-02-09T09:39:40 INFO root *******END OF LOG FILE FOR THIS RUN*******
------
2009-02-09T09:42:10 WARNING root Developer mode is enabled: this is a security risk and should NOT be enabled on production servers. Developer mode can be turned off in etc/zope.conf
------
2009-02-09T09:42:13 INFO root There were parse errors. 
------
2009-02-09T09:42:13 INFO root *******END OF LOG FILE FOR THIS RUN*******
------
2009-02-09T09:43:09 WARNING root Developer mode is enabled: this is a security risk and should NOT be enabled on production servers. Developer mode can be turned off in etc/zope.conf
------
2009-02-09T09:44:39 WARNING root Developer mode is enabled: this is a security risk and should NOT be enabled on production servers. Developer mode can be turned off in etc/zope.conf
------
2009-02-09T09:44:41 INFO root There were parse errors. 
------
2009-02-09T09:44:41 INFO root *******END OF LOG FILE FOR THIS RUN*******
------
2009-02-10T07:41:56 WARNING root Developer mode is enabled: this is a security risk and should NOT be enabled on production servers. Developer mode can be turned off in etc/zope.conf
------
2009-02-10T07:42:47 INFO root There were parse errors. 
------
2009-02-10T07:42:47 INFO root *******END OF LOG FILE FOR THIS RUN*******
------
2009-02-11T09:07:32 WARNING root Developer mode is enabled: this is a security risk and should NOT be enabled on production servers. Developer mode can be turned off in etc/zope.conf
------
2009-02-11T09:07:48 INFO root There were parse errors. 
------
2009-02-11T09:07:48 INFO root *******END OF LOG FILE FOR THIS RUN*******
------
2009-02-27T17:20:06 WARNING root Developer mode is enabled: this is a security risk and should NOT be enabled on production servers. Developer mode can be turned off in etc/zope.conf
------
2009-02-27T17:20:08 INFO root There were parse errors. 
------
2009-02-27T17:20:08 INFO root *******END OF LOG FILE FOR THIS RUN*******
------
2009-02-27T17:25:38 WARNING root Developer mode is enabled: this is a security risk and should NOT be enabled on production servers. Developer mode can be turned off in etc/zope.conf
------
2009-02-27T17:25:41 INFO root There were ADL parse errors. 
------
2009-02-27T17:25:41 INFO root *******END OF LOG FILE FOR THIS RUN*******
------
2009-02-27T17:28:42 WARNING root Developer mode is enabled: this is a security risk and should NOT be enabled on production servers. Developer mode can be turned off in etc/zope.conf
------
2009-02-27T17:28:44 INFO root There were ADL parse errors. 
------
2009-02-27T17:28:44 INFO root *******END OF LOG FILE FOR THIS RUN*******
------
2009-02-27T17:31:17 WARNING root Developer mode is enabled: this is a security risk and should NOT be enabled on production servers. Developer mode can be turned off in etc/zope.conf
------
2009-02-27T17:31:19 INFO root There were ADL parse errors. 
------
2009-02-27T17:31:19 INFO root *******END OF LOG FILE FOR THIS RUN*******
------
2009-02-27T17:32:52 WARNING root Developer mode is enabled: this is a security risk and should NOT be enabled on production servers. Developer mode can be turned off in etc/zope.conf
------
2009-02-27T17:32:54 INFO root There were ADL parse errors. 
------
2009-02-27T17:32:54 INFO root *******END OF LOG FILE FOR THIS RUN*******
------
2009-02-27T17:34:37 WARNING root Developer mode is enabled: this is a security risk and should NOT be enabled on production servers. Developer mode can be turned off in etc/zope.conf
------
2009-02-27T17:34:41 INFO root There were ADL parse errors. 
------
2009-02-27T17:34:41 INFO root *******END OF LOG FILE FOR THIS RUN*******
------
2009-02-27T17:35:23 WARNING root Developer mode is enabled: this is a security risk and should NOT be enabled on production servers. Developer mode can be turned off in etc/zope.conf
------
2009-02-27T17:35:26 INFO root There were ADL parse errors. 
------
2009-02-27T17:35:26 INFO root *******END OF LOG FILE FOR THIS RUN*******
------
2009-02-27T17:37:58 WARNING root Developer mode is enabled: this is a security risk and should NOT be enabled on production servers. Developer mode can be turned off in etc/zope.conf
------
2009-02-27T17:38:02 INFO root There were ADL parse errors. 
------
2009-02-27T17:38:02 INFO root *******END OF LOG FILE FOR THIS RUN*******
------
2009-02-27T17:39:47 WARNING root Developer mode is enabled: this is a security risk and should NOT be enabled on production servers. Developer mode can be turned off in etc/zope.conf
------
2009-02-27T17:39:50 INFO root There were ADL parse errors. 
------
2009-02-27T17:39:50 INFO root *******END OF LOG FILE FOR THIS RUN*******
------
2009-02-27T17:42:23 WARNING root Developer mode is enabled: this is a security risk and should NOT be enabled on production servers. Developer mode can be turned off in etc/zope.conf
------
2009-02-27T17:42:25 INFO root There were ADL parse errors. 
------
2009-02-27T17:42:25 INFO root *******END OF LOG FILE FOR THIS RUN*******
------
2009-02-27T18:26:19 WARNING root Developer mode is enabled: this is a security risk and should NOT be enabled on production servers. Developer mode can be turned off in etc/zope.conf
------
2009-02-27T18:35:59 WARNING root Developer mode is enabled: this is a security risk and should NOT be enabled on production servers. Developer mode can be turned off in etc/zope.conf
------
2009-02-27T18:37:59 WARNING ZODB.FileStorage Ignoring index for /home/tim/oship-openehr/oship/oship/parts/data/Data.fs
------
2009-02-27T18:47:02 INFO paste.httpserver.ThreadPool Shutting down threadpool
------
2009-02-27T18:47:02 INFO paste.httpserver.ThreadPool All workers stopped
------
2009-02-27T18:47:02 INFO paste.httpserver.ThreadPool Shutting down threadpool
------
2009-02-27T18:47:02 INFO paste.httpserver.ThreadPool All workers stopped
------
2009-02-27T18:47:22 WARNING root Developer mode is enabled: this is a security risk and should NOT be enabled on production servers. Developer mode can be turned off in etc/zope.conf
------
2009-02-27T20:07:18 INFO paste.httpserver.ThreadPool Shutting down threadpool
------
2009-02-27T20:07:18 INFO paste.httpserver.ThreadPool All workers stopped
------
2009-02-27T20:07:18 INFO paste.httpserver.ThreadPool Shutting down threadpool
------
2009-02-27T20:07:18 INFO paste.httpserver.ThreadPool All workers stopped
------
2009-02-28T14:02:15 WARNING root Developer mode is enabled: this is a security risk and should NOT be enabled on production servers. Developer mode can be turned off in etc/zope.conf
------
2009-02-28T14:06:58 INFO paste.httpserver.ThreadPool Shutting down threadpool
------
2009-02-28T14:06:58 INFO paste.httpserver.ThreadPool All workers stopped
------
2009-02-28T14:06:58 INFO paste.httpserver.ThreadPool Shutting down threadpool
------
2009-02-28T14:06:58 INFO paste.httpserver.ThreadPool All workers stopped
------
2009-02-28T14:10:06 WARNING root Developer mode is enabled: this is a security risk and should NOT be enabled on production servers. Developer mode can be turned off in etc/zope.conf
------
2009-02-28T14:10:57 INFO paste.httpserver.ThreadPool Shutting down threadpool
------
2009-02-28T14:10:57 INFO paste.httpserver.ThreadPool All workers stopped
------
2009-02-28T14:10:57 INFO paste.httpserver.ThreadPool Shutting down threadpool
------
2009-02-28T14:10:57 INFO paste.httpserver.ThreadPool All workers stopped
------
2009-02-28T14:11:42 WARNING root Developer mode is enabled: this is a security risk and should NOT be enabled on production servers. Developer mode can be turned off in etc/zope.conf
------
2009-02-28T14:12:37 INFO paste.httpserver.ThreadPool Shutting down threadpool
------
2009-02-28T14:12:37 INFO paste.httpserver.ThreadPool All workers stopped
------
2009-02-28T14:12:37 INFO paste.httpserver.ThreadPool Shutting down threadpool
------
2009-02-28T14:12:37 INFO paste.httpserver.ThreadPool All workers stopped
