------
2008-05-26T15:35:56 WARNING root Developer mode is enabled: this is a security risk and should NOT be enabled on production servers. Developer mode can be turned off in etc/zope.conf
------
2008-05-26T17:05:25 WARNING root Developer mode is enabled: this is a security risk and should NOT be enabled on production servers. Developer mode can be turned off in etc/zope.conf
------
2008-05-26T17:05:29 WARNING ZODB.FileStorage Ignoring index for var/Data.fs
------
2008-05-26T17:11:45 WARNING root Developer mode is enabled: this is a security risk and should NOT be enabled on production servers. Developer mode can be turned off in etc/zope.conf
------
2008-05-26T17:11:48 INFO paste.httpserver.ThreadPool Cannot use kill_thread_limit as ctypes/killthread is not available
------
2008-05-26T17:12:17 INFO paste.httpserver.ThreadPool Shutting down threadpool
------
2008-05-26T17:12:17 INFO paste.httpserver.ThreadPool All workers stopped
------
2008-05-26T17:12:17 INFO paste.httpserver.ThreadPool Shutting down threadpool
------
2008-05-26T17:12:17 INFO paste.httpserver.ThreadPool All workers stopped
------
2008-05-26T17:28:23 WARNING root Developer mode is enabled: this is a security risk and should NOT be enabled on production servers. Developer mode can be turned off in etc/zope.conf
------
2008-05-26T17:28:26 INFO paste.httpserver.ThreadPool Cannot use kill_thread_limit as ctypes/killthread is not available
------
2008-05-26T17:28:53 INFO paste.httpserver.ThreadPool Shutting down threadpool
------
2008-05-26T17:28:53 INFO paste.httpserver.ThreadPool All workers stopped
------
2008-05-26T17:28:53 INFO paste.httpserver.ThreadPool Shutting down threadpool
------
2008-05-26T17:28:53 INFO paste.httpserver.ThreadPool All workers stopped
------
2008-05-26T18:02:29 WARNING root Developer mode is enabled: this is a security risk and should NOT be enabled on production servers. Developer mode can be turned off in etc/zope.conf
------
2008-05-26T18:02:32 INFO paste.httpserver.ThreadPool Cannot use kill_thread_limit as ctypes/killthread is not available
------
2008-05-26T18:02:41 INFO paste.httpserver.ThreadPool Shutting down threadpool
------
2008-05-26T18:02:41 INFO paste.httpserver.ThreadPool All workers stopped
------
2008-05-26T18:02:41 INFO paste.httpserver.ThreadPool Shutting down threadpool
------
2008-05-26T18:02:41 INFO paste.httpserver.ThreadPool All workers stopped
------
2008-05-26T19:09:27 WARNING root Developer mode is enabled: this is a security risk and should NOT be enabled on production servers. Developer mode can be turned off in etc/zope.conf
------
2008-05-26T19:09:30 INFO paste.httpserver.ThreadPool Cannot use kill_thread_limit as ctypes/killthread is not available
------
2008-05-26T19:09:54 ERROR SiteError http://localhost:8080/++etc++process/servercontrol.html
Traceback (most recent call last):
  File "/home/tim/buildout-eggs/tmpKVlfpH/zope.publisher-3.4.2-py2.4.egg/zope/publisher/publish.py", line 133, in publish
  File "/home/tim/buildout-eggs/tmpA1PcEx/zope.app.publication-3.4.3-py2.4.egg/zope/app/publication/zopepublication.py", line 167, in callObject
  File "/home/tim/buildout-eggs/tmpKVlfpH/zope.publisher-3.4.2-py2.4.egg/zope/publisher/publish.py", line 108, in mapply
   - __traceback_info__: <security proxied zope.app.pagetemplate.simpleviewclass.SimpleViewClass from /home/tim/buildout-eggs/zope.app.applicationcontrol-3.4.1-py2.4.egg/zope/app/applicationcontrol/browser/servercontrol.pt instance at 0x2aaab57af590>
  File "/home/tim/buildout-eggs/tmpKVlfpH/zope.publisher-3.4.2-py2.4.egg/zope/publisher/publish.py", line 114, in debug_call
  File "/home/tim/buildout-eggs/zope.app.pagetemplate-3.4.0-py2.4.egg/zope/app/pagetemplate/simpleviewclass.py", line 44, in __call__
    return self.index(*args, **kw)
  File "/home/tim/buildout-eggs/zope.app.pagetemplate-3.4.0-py2.4.egg/zope/app/pagetemplate/viewpagetemplatefile.py", line 83, in __call__
    return self.im_func(im_self, *args, **kw)
  File "/home/tim/buildout-eggs/zope.app.pagetemplate-3.4.0-py2.4.egg/zope/app/pagetemplate/viewpagetemplatefile.py", line 51, in __call__
    sourceAnnotations=getattr(debug_flags, 'sourceAnnotations', 0),
  File "/home/tim/buildout-eggs/tmpqKgb3-/zope.pagetemplate-3.4.0-py2.4.egg/zope/pagetemplate/pagetemplate.py", line 115, in pt_render
  File "/home/tim/buildout-eggs/tmphS4p2o/zope.tal-3.4.1-py2.4.egg/zope/tal/talinterpreter.py", line 271, in __call__
  File "/home/tim/buildout-eggs/tmphS4p2o/zope.tal-3.4.1-py2.4.egg/zope/tal/talinterpreter.py", line 346, in interpret
  File "/home/tim/buildout-eggs/tmphS4p2o/zope.tal-3.4.1-py2.4.egg/zope/tal/talinterpreter.py", line 891, in do_useMacro
  File "/home/tim/buildout-eggs/tmphS4p2o/zope.tal-3.4.1-py2.4.egg/zope/tal/talinterpreter.py", line 346, in interpret
  File "/home/tim/buildout-eggs/tmphS4p2o/zope.tal-3.4.1-py2.4.egg/zope/tal/talinterpreter.py", line 536, in do_optTag_tal
  File "/home/tim/buildout-eggs/tmphS4p2o/zope.tal-3.4.1-py2.4.egg/zope/tal/talinterpreter.py", line 521, in do_optTag
  File "/home/tim/buildout-eggs/tmphS4p2o/zope.tal-3.4.1-py2.4.egg/zope/tal/talinterpreter.py", line 516, in no_tag
  File "/home/tim/buildout-eggs/tmphS4p2o/zope.tal-3.4.1-py2.4.egg/zope/tal/talinterpreter.py", line 346, in interpret
  File "/home/tim/buildout-eggs/tmphS4p2o/zope.tal-3.4.1-py2.4.egg/zope/tal/talinterpreter.py", line 861, in do_defineMacro
  File "/home/tim/buildout-eggs/tmphS4p2o/zope.tal-3.4.1-py2.4.egg/zope/tal/talinterpreter.py", line 346, in interpret
  File "/home/tim/buildout-eggs/tmphS4p2o/zope.tal-3.4.1-py2.4.egg/zope/tal/talinterpreter.py", line 957, in do_defineSlot
  File "/home/tim/buildout-eggs/tmphS4p2o/zope.tal-3.4.1-py2.4.egg/zope/tal/talinterpreter.py", line 346, in interpret
  File "/home/tim/buildout-eggs/tmphS4p2o/zope.tal-3.4.1-py2.4.egg/zope/tal/talinterpreter.py", line 949, in do_defineSlot
  File "/home/tim/buildout-eggs/tmphS4p2o/zope.tal-3.4.1-py2.4.egg/zope/tal/talinterpreter.py", line 346, in interpret
  File "/home/tim/buildout-eggs/tmphS4p2o/zope.tal-3.4.1-py2.4.egg/zope/tal/talinterpreter.py", line 586, in do_setLocal_tal
  File "/home/tim/buildout-eggs/tmpfka1J4/zope.tales-3.4.0-py2.4.egg/zope/tales/tales.py", line 696, in evaluate
   - /home/tim/buildout-eggs/zope.app.applicationcontrol-3.4.1-py2.4.egg/zope/app/applicationcontrol/browser/servercontrol.pt
   - Line 8, Column 2
   - Expression: <PathExpr standard:u'view/action'>
   - Names:
      {'args': (),
       'context': <zope.app.applicationcontrol.applicationcontrol.ApplicationControl object at 0x2aaab39576d0>,
       'default': <object object at 0x2aaaaab1f250>,
       'loop': {},
       'nothing': None,
       'options': {},
       'repeat': {},
       'request': <zope.publisher.browser.BrowserRequest instance URL=http://localhost:8080/++etc++process/servercontrol.html>,
       'template': <zope.app.pagetemplate.viewpagetemplatefile.ViewPageTemplateFile object at 0x1a63e10>,
       'view': <zope.app.pagetemplate.simpleviewclass.SimpleViewClass from /home/tim/buildout-eggs/zope.app.applicationcontrol-3.4.1-py2.4.egg/zope/app/applicationcontrol/browser/servercontrol.pt object at 0x2aaab57af590>,
       'views': <zope.app.pagetemplate.viewpagetemplatefile.ViewMapper object at 0x2aaab57af850>}
  File "/home/tim/buildout-eggs/tmpfka1J4/zope.tales-3.4.0-py2.4.egg/zope/tales/expressions.py", line 217, in __call__
  File "/home/tim/buildout-eggs/tmpfka1J4/zope.tales-3.4.0-py2.4.egg/zope/tales/expressions.py", line 211, in _eval
  File "/home/tim/buildout-eggs/zope.app.applicationcontrol-3.4.1-py2.4.egg/zope/app/applicationcontrol/browser/servercontrol.py", line 33, in action
    control = self.serverControl()
  File "/home/tim/buildout-eggs/zope.app.applicationcontrol-3.4.1-py2.4.egg/zope/app/applicationcontrol/browser/servercontrol.py", line 29, in serverControl
    return zapi.getUtility(IServerControl)
  File "/home/tim/buildout-eggs/zope.component-3.4.0-py2.4.egg/zope/component/_api.py", line 207, in getUtility
    raise ComponentLookupError(interface, name)
ComponentLookupError: (<InterfaceClass zope.app.applicationcontrol.interfaces.IServerControl>, '')
------
2008-05-26T19:10:04 INFO paste.httpserver.ThreadPool Shutting down threadpool
------
2008-05-26T19:10:04 INFO paste.httpserver.ThreadPool All workers stopped
------
2008-05-26T19:10:04 INFO paste.httpserver.ThreadPool Shutting down threadpool
------
2008-05-26T19:10:04 INFO paste.httpserver.ThreadPool All workers stopped
------
2008-05-27T06:58:07 WARNING root Developer mode is enabled: this is a security risk and should NOT be enabled on production servers. Developer mode can be turned off in etc/zope.conf
------
2008-05-27T06:58:13 INFO paste.httpserver.ThreadPool Cannot use kill_thread_limit as ctypes/killthread is not available
------
2008-05-27T08:05:40 INFO paste.httpserver.ThreadPool Shutting down threadpool
------
2008-05-27T08:05:40 INFO paste.httpserver.ThreadPool All workers stopped
------
2008-05-27T08:05:40 INFO paste.httpserver.ThreadPool Shutting down threadpool
------
2008-05-27T08:05:40 INFO paste.httpserver.ThreadPool All workers stopped
------
2008-05-27T08:07:31 WARNING root Developer mode is enabled: this is a security risk and should NOT be enabled on production servers. Developer mode can be turned off in etc/zope.conf
------
2008-05-27T08:07:33 INFO paste.httpserver.ThreadPool Cannot use kill_thread_limit as ctypes/killthread is not available
------
2008-05-27T08:14:47 INFO paste.httpserver.ThreadPool Shutting down threadpool
------
2008-05-27T08:14:47 INFO paste.httpserver.ThreadPool All workers stopped
------
2008-05-27T08:14:47 INFO paste.httpserver.ThreadPool Shutting down threadpool
------
2008-05-27T08:14:47 INFO paste.httpserver.ThreadPool All workers stopped
------
2008-05-27T08:16:50 WARNING root Developer mode is enabled: this is a security risk and should NOT be enabled on production servers. Developer mode can be turned off in etc/zope.conf
------
2008-05-27T08:16:52 INFO paste.httpserver.ThreadPool Cannot use kill_thread_limit as ctypes/killthread is not available
------
2008-05-27T08:17:32 INFO paste.httpserver.ThreadPool Shutting down threadpool
------
2008-05-27T08:17:32 INFO paste.httpserver.ThreadPool All workers stopped
------
2008-05-27T08:17:32 INFO paste.httpserver.ThreadPool Shutting down threadpool
------
2008-05-27T08:17:32 INFO paste.httpserver.ThreadPool All workers stopped
------
2008-05-27T08:19:13 WARNING root Developer mode is enabled: this is a security risk and should NOT be enabled on production servers. Developer mode can be turned off in etc/zope.conf
------
2008-05-27T08:19:15 INFO paste.httpserver.ThreadPool Cannot use kill_thread_limit as ctypes/killthread is not available
------
2008-05-27T08:53:58 INFO paste.httpserver.ThreadPool Shutting down threadpool
------
2008-05-27T08:53:58 INFO paste.httpserver.ThreadPool All workers stopped
------
2008-05-27T08:53:58 INFO paste.httpserver.ThreadPool Shutting down threadpool
------
2008-05-27T08:53:58 INFO paste.httpserver.ThreadPool All workers stopped
------
2008-05-27T08:54:21 WARNING root Developer mode is enabled: this is a security risk and should NOT be enabled on production servers. Developer mode can be turned off in etc/zope.conf
------
2008-05-27T08:54:23 INFO paste.httpserver.ThreadPool Cannot use kill_thread_limit as ctypes/killthread is not available
------
2008-05-27T08:54:29 INFO paste.httpserver.ThreadPool Shutting down threadpool
------
2008-05-27T08:54:29 INFO paste.httpserver.ThreadPool All workers stopped
------
2008-05-27T08:54:29 INFO paste.httpserver.ThreadPool Shutting down threadpool
------
2008-05-27T08:54:29 INFO paste.httpserver.ThreadPool All workers stopped
------
2008-05-27T08:55:04 WARNING root Developer mode is enabled: this is a security risk and should NOT be enabled on production servers. Developer mode can be turned off in etc/zope.conf
------
2008-05-27T08:55:07 INFO paste.httpserver.ThreadPool Cannot use kill_thread_limit as ctypes/killthread is not available
------
2008-05-27T08:59:40 INFO paste.httpserver.ThreadPool Shutting down threadpool
------
2008-05-27T08:59:40 INFO paste.httpserver.ThreadPool All workers stopped
------
2008-05-27T08:59:40 INFO paste.httpserver.ThreadPool Shutting down threadpool
------
2008-05-27T08:59:40 INFO paste.httpserver.ThreadPool All workers stopped
------
2008-05-27T09:04:13 WARNING root Developer mode is enabled: this is a security risk and should NOT be enabled on production servers. Developer mode can be turned off in etc/zope.conf
------
2008-05-27T09:04:16 INFO paste.httpserver.ThreadPool Cannot use kill_thread_limit as ctypes/killthread is not available
------
2008-05-27T09:11:24 INFO paste.httpserver.ThreadPool Shutting down threadpool
------
2008-05-27T09:11:24 INFO paste.httpserver.ThreadPool All workers stopped
------
2008-05-27T09:11:24 INFO paste.httpserver.ThreadPool Shutting down threadpool
------
2008-05-27T09:11:24 INFO paste.httpserver.ThreadPool All workers stopped
------
2008-05-27T09:14:16 WARNING root Developer mode is enabled: this is a security risk and should NOT be enabled on production servers. Developer mode can be turned off in etc/zope.conf
------
2008-05-27T09:14:18 INFO paste.httpserver.ThreadPool Cannot use kill_thread_limit as ctypes/killthread is not available
------
2008-05-27T14:35:36 INFO paste.httpserver.ThreadPool Shutting down threadpool
------
2008-05-27T14:35:36 INFO paste.httpserver.ThreadPool All workers stopped
------
2008-05-27T14:35:36 INFO paste.httpserver.ThreadPool Shutting down threadpool
------
2008-05-27T14:35:36 INFO paste.httpserver.ThreadPool All workers stopped
------
2008-05-28T06:12:31 WARNING root Developer mode is enabled: this is a security risk and should NOT be enabled on production servers. Developer mode can be turned off in etc/zope.conf
------
2008-05-28T06:12:38 INFO paste.httpserver.ThreadPool Cannot use kill_thread_limit as ctypes/killthread is not available
------
2008-05-28T06:13:13 INFO paste.httpserver.ThreadPool Shutting down threadpool
------
2008-05-28T06:13:13 INFO paste.httpserver.ThreadPool All workers stopped
------
2008-05-28T06:13:13 INFO paste.httpserver.ThreadPool Shutting down threadpool
------
2008-05-28T06:13:13 INFO paste.httpserver.ThreadPool All workers stopped
------
2008-05-28T06:17:47 WARNING root Developer mode is enabled: this is a security risk and should NOT be enabled on production servers. Developer mode can be turned off in etc/zope.conf
------
2008-05-28T06:17:50 INFO paste.httpserver.ThreadPool Cannot use kill_thread_limit as ctypes/killthread is not available
------
2008-05-28T06:18:06 INFO paste.httpserver.ThreadPool Shutting down threadpool
------
2008-05-28T06:18:06 INFO paste.httpserver.ThreadPool All workers stopped
------
2008-05-28T06:18:06 INFO paste.httpserver.ThreadPool Shutting down threadpool
------
2008-05-28T06:18:06 INFO paste.httpserver.ThreadPool All workers stopped
------
2008-05-28T06:18:47 WARNING root Developer mode is enabled: this is a security risk and should NOT be enabled on production servers. Developer mode can be turned off in etc/zope.conf
------
2008-05-28T06:18:49 INFO paste.httpserver.ThreadPool Cannot use kill_thread_limit as ctypes/killthread is not available
------
2008-05-28T07:19:11 INFO paste.httpserver.ThreadPool Shutting down threadpool
------
2008-05-28T07:19:11 INFO paste.httpserver.ThreadPool All workers stopped
------
2008-05-28T07:19:11 INFO paste.httpserver.ThreadPool Shutting down threadpool
------
2008-05-28T07:19:11 INFO paste.httpserver.ThreadPool All workers stopped
